100
5.45484805107
5.43635296822
5.43368411064
5.49839186668
5.45095705986
5.44933891296
5.45727992058
5.44981217384
5.46166491508
5.44797492027
5.45209598541
5.45255994797
5.45452785492
5.43595194817
5.4365439415
5.43113613129
5.44520401955
5.44648599625
5.44868898392
5.44430279732
5.43702507019
5.44631099701
5.42711210251
5.47010397911
5.44365596771
5.44174480438
5.37895894051
5.44476008415
5.44593882561
5.7816028595
5.12081289291
5.10200881958
5.07571792603
5.09044098854
6.5287270546
5.1146800518
5.51090908051
5.07497811317
5.0714828968
5.08869409561
5.06868100166
5.07467007637
5.07301497459
5.06185221672
5.06692290306
5.55340695381
5.4165699482
5.43605613708
5.4177968502
5.45457291603
4.43153619766
5.07380604744
5.17170715332
5.46852493286
5.44083213806
5.15138602257
5.43790984154
5.47383403778
5.45867419243
5.407091856
5.44216012955
5.41162514687
5.62379384041
5.07079815865
5.16071200371
5.43221306801
5.45543599129
5.44962906837
5.45087981224
5.44109177589
5.44017505646
5.39181303978
5.43940186501
5.44550299644
5.42968297005
5.43073797226
5.45274806023
5.44536995888
5.47150182724
5.43444299698
5.41829609871
5.4182779789
5.42103219032
5.46543598175
5.428855896
5.4165430069
6.55820393562
5.09030389786
5.08381795883
5.07841491699
5.18464899063
6.28905010223
5.07284784317
5.08206295967
5.08002281189
5.82711291313
5.44156599045
5.4489440918
5.45208907127
5.43988108635
