132.501446
138.418354
72.065579
48.621714
37.185548
30.706069
27.023257
24.625542
21.436800
20.231867
19.599573
19.334049
16.793921
15.337216
14.444129
15.529405
12.947956
12.401688
12.505003
11.080264
11.387627
9.808015
10.623893
10.036024
9.382852
11.971999
8.526404
10.117316
8.055773
8.675698
7.885029
7.986001
11.336984
9.420696
12.319301
7.915804
11.026791
9.162654
8.254136
13.854847
8.831903
7.744598
11.470917
12.413508
10.614270
15.204325
14.868300
13.666831
13.238518
12.289409
11.768220
11.147613
11.026316
9.829052
11.605404
9.993218
10.429820
12.661721
12.035888
18.078074
12.105454
11.686002
14.654656
27.172782
28.002528
