10
14.8785479069
12.88717103
13.2567970753
12.6087379456
12.7946219444
12.8061671257
12.7880029678
12.8823161125
13.979486227
15.5766239166
16.3957750797
13.8531270027
12.7016468048
13.1014351845
13.1303019524
13.1300730705
13.1070828438
13.1241669655
13.1132340431
13.1217448711
13.3220891953
11.3211801052
12.8609228134
13.1720421314
13.7122139931
13.6092629433
13.0336699486
13.594424963
13.7948598862
14.9082129002
11.4887859821
12.1154379845
12.1553969383
11.7589809895
13.389013052
13.8180389404
13.7774069309
9.58073997498
12.8552708626
12.168407917
11.1778430939
11.1330440044
11.7385089397
12.0939040184
15.1681799889
9.78747391701
12.6746809483
16.9139969349
12.28688097
14.0433809757
11.995349884
13.3740048409
11.7761459351
12.0834698677
13.2546670437
10.9756379128
11.6386809349
12.1678709984
14.724998951
12.7307679653
10.7279918194
11.3899719715
11.8034200668
11.1188378334
10.5382680893
11.6011888981
12.4172790051
11.4867298603
12.8996498585
10.4569578171
12.4596619606
12.4013910294
12.0804691315
12.3004260063
11.3165769577
11.2860491276
11.8417899609
7.86992001534
10.5819499493
12.0972759724
11.5684599876
11.2368268967
8.55411195755
11.4540851116
11.1585299969
9.52162885666
10.5006089211
10.1808640957
10.9909861088
12.4388887882
11.0611259937
10.2367749214
9.9111289978
9.08440303802
9.6314291954
9.38792490959
10.762346983
11.3275868893
10.5753159523
10.5834031105
10.0694420338
10.0317769051
12.1998851299
10.8995389938
10.971020937
10.456029892
11.2006590366
9.32342505455
9.68304896355
10.586979866
10.3263719082
10.1774029732
7.78793907166
10.3995609283
10.9043021202
11.7570648193
10.7954540253
10.6499700546
10.259857893
9.1171541214
10.4186730385
9.42160201073
8.36085104942
10.0328779221
9.9994559288
9.60316610336
9.31775999069
8.3225338459
8.73995399475
8.84391093254
8.31539297104
8.29108285904
8.93476009369
8.46788597107
9.63338899612
9.58507990837
9.22411704063
8.72744393349
7.34654998779
9.418872118
9.256316185
8.47478199005
9.60209989548
7.47530007362
6.95759606361
9.65290594101
8.40143609047
9.06205701828
10.2469160557
11.3143849373
9.92476081848
8.96880984306
7.23851299286
8.88631606102
7.76294708252
8.64903497696
9.43390512466
8.76091313362
8.79878497124
9.52230906487
9.42049503326
8.14068078995
9.69045519829
8.46188688278
9.34806489944
9.27289295197
10.8236670494
8.95690798759
6.84920620918
9.30145096779
7.47256588936
9.35950708389
6.35518717766
8.51566815376
8.45689892769
8.50202083588
8.87187004089
8.88560509682
7.42215204239
7.68387889862
6.84990000725
8.83852601051
9.37503600121
6.65327477455
6.26332712173
8.70897293091
9.02644896507
8.02365994453
8.89714193344
8.80128312111
7.46951198578
8.73919892311
8.03268790245
8.7211060524
8.69497799873
8.57511305809
7.7349050045
8.19513702393
9.0651640892
7.84072399139
8.14517092705
8.41518998146
7.7299861908
8.53606414795
8.86030602455
8.23339486122
7.06495690346
8.07461285591
8.5804169178
8.19185495377
8.61316490173
8.59492707253
8.25174093246
8.67317700386
8.84014010429
8.74467420578
8.11349987984
7.85086297989
8.77375197411
8.47582101822
8.69853115082
6.25293588638
8.22088694572
7.63731408119
8.15263485909
8.47714495659
6.57306003571
7.82243108749
8.19331479073
8.43926405907
8.03430700302
8.0982401371
8.0871720314
8.57962822914
8.25445699692
8.31863999367
8.59271287918
8.68125510216
8.57006716728
7.73557186127
8.34631705284
8.223102808
6.45937299728
8.37940096855
7.62718081474
8.34435796738
8.10080814362
8.37081003189
7.89717388153
8.34589886665
7.71528410912
8.28923892975
7.78263306618
7.71494293213
7.89913916588
8.12101507187
8.09486198425
7.76553201675
7.5780351162
7.68617892265
7.96257901192
7.86467409134
8.5308508873
7.86744499207
7.61117696762
8.52305197716
8.24632716179
8.04335594177
8.14509105682
8.27043509483
7.27307009697
7.65537905693
8.30180501938
7.91438794136
8.22142100334
7.94142198563
8.47915410995
8.15740895271
8.03757309914
7.69772195816
7.94607210159
7.7659201622
7.76785993576
7.50470113754
7.82801413536
7.91734099388
8.10245108604
8.39016890526
8.63356184959
8.4489300251
8.27785015106
8.43420290947
8.32142782211
7.89723515511
8.11875796318
8.25013494492
8.33695292473
8.35424685478
7.85514712334
7.9199860096
7.66729807854
7.61102795601
8.35544586182
7.86809301376
8.1371679306
8.057254076
7.91787791252
6.64936900139
7.29053997993
7.78539514542
7.75938296318
8.10802793503
8.04382395744
8.44200897217
7.76095890999
7.98013997078
7.54238295555
8.2972240448
8.07860898972
7.78432893753
7.30243301392
7.75340294838
7.88535785675
7.83659410477
7.9033331871
6.8752849102
7.79246687889
7.74516105652
8.0498008728
8.10538101196
7.78040790558
7.6631770134
8.10952997208
8.18522000313
7.66050601006
8.37815117836
7.95612096786
7.81597495079
7.80867815018
8.00753808022
7.23818898201
8.55002999306
7.70933198929
7.67526292801
8.23975896835
7.62272500992
7.82914400101
8.17965912819
8.18245601654
7.70753097534
8.20385885239
7.83835601807
7.49582481384
8.18280100822
7.25237989426
6.58724808693
7.70078396797
7.45916104317
8.07291293144
7.80347394943
7.58111000061
7.60841989517
7.82624197006
8.03413486481
7.84176206589
8.12727689743
7.91468715668
7.64145612717
7.96485614777
7.64163017273
7.70514392853
8.10759186745
7.76994895935
8.0372531414
7.96468281746
7.63580107689
6.85106492043
8.11645507812
8.23018121719
7.74573493004
8.07271313667
7.94346213341
7.9756269455
8.06158185005
8.06774306297
7.84759306908
8.03857207298
7.95029997826
7.03203582764
6.0832529068
7.60902404785
8.01996994019
8.09414696693
7.86000704765
7.87614202499
7.76563405991
7.89956307411
8.0410900116
7.66224718094
7.98825407028
7.73249411583
7.83121204376
7.97392606735
7.99809098244
7.94599199295
8.14877796173
7.93854904175
7.77783894539
7.58282899857
7.74919009209
7.77014398575
7.85393214226
7.72742700577
8.02789902687
7.72392320633
8.10965299606
8.03204607964
8.0252559185
8.03047704697
7.96695208549
7.85153579712
8.01442718506
8.20029401779
7.73892998695
7.68318486214
7.95874619484
7.6314470768
7.71002388
8.06499791145
7.89761018753
6.83082389832
8.3136370182
7.9510409832
7.77799797058
7.7881090641
8.81596207619
7.84833502769
7.69284200668
8.21609401703
7.8982861042
7.5585911274
6.87954711914
6.82705402374
7.60788702965
7.39617085457
7.8604490757
8.07663798332
7.14190602303
8.08451604843
7.90778899193
7.67552495003
8.22925496101
9.04714393616
8.15643620491
7.90418887138
7.69001793861
7.74351406097
7.44721603394
7.57421708107
6.9365208149
7.69513487816
7.89665484428
7.62850999832
7.776927948
7.95882797241
7.63764214516
6.98000097275
7.97577691078
7.96306490898
7.70572590828
7.89708781242
6.93576216698
7.91858196259
7.96005511284
8.10989904404
7.91723012924
7.96837186813
8.02970004082
8.0395758152
7.76667618752
7.79386782646
6.81564497948
6.64329695702
7.99399089813
7.72838521004
7.7068901062
7.57990407944
8.03584194183
7.93187904358
7.60842204094
8.12018585205
7.9925122261
8.20346593857
7.95939993858
7.17159986496
8.03187298775
7.63452100754
7.99777197838
7.98858594894
7.83689212799
8.01176095009
7.60810184479
7.53218197823
7.92253088951
7.86641407013
7.87686991692
7.88066196442
7.72866201401
8.05276608467
7.10803818703
7.82101607323
8.58790683746
7.91126012802
7.99832105637
7.77997303009
8.0380461216
8.00281786919
7.70721888542
7.93548798561
7.82877397537
7.65807986259
7.80011105537
7.96070885658
7.95146894455
8.0543859005
7.97648715973
6.93736004829
8.33402109146
7.68040895462
7.50400996208
7.69107508659
7.78207087517
7.69618201256
7.50691199303
7.93919110298
8.51076388359
7.70004701614
7.11348700523
8.00645089149
7.79606699944
7.68316698074
7.8746380806
7.54743313789
7.79874992371
7.94332909584
7.76199197769
7.68510699272
7.07214188576
7.86634087563
6.97623300552
8.00050902367
7.91001605988
7.07487821579
7.16635990143
7.85399794579
8.39613699913
8.64823508263
7.92949390411
7.80520105362
7.05804800987
7.97364091873
7.69839692116
7.90940594673
7.64738988876
7.82124209404
7.77098298073
7.96114206314
7.14929008484
7.48419594765
7.91217112541
7.72527694702
8.24133610725
7.66132688522
7.83213806152
7.63075208664
7.94535708427
7.72848796844
7.76398396492
8.78792119026
7.67887592316
7.88444113731
7.71307516098
8.06221604347
7.89588189125
8.04216790199
7.9038901329
8.21149396896
7.73431992531
7.66942095757
7.85380506516
7.87287807465
8.01990914345
7.75186491013
7.72074508667
7.6899368763
7.9126830101
7.71346211433
7.82059001923
7.01450395584
7.89806103706
7.83402013779
7.79934501648
7.8466219902
7.48687386513
7.82959699631
8.29674506187
6.59357905388
8.2641248703
8.25319290161
8.07592201233
10.5967209339
8.29229593277
7.10223007202
8.02994012833
7.1387360096
8.17515897751
7.93193101883
8.11083006859
7.75059008598
8.06481909752
7.44811987877
10.2214529514
6.92863798141
6.86275005341
7.13232707977
7.6394469738
7.90841698647
8.3903670311
6.49930119514
8.20026898384
7.18166995049
7.45297288895
6.61665010452
8.23599505424
7.50893688202
6.57911801338
8.65418100357
7.09369182587
8.0377779007
7.75278997421
