100
5.08874297142
4.97146987915
5.71281790733
4.94879794121
4.93652009964
4.92784905434
4.93741798401
4.94089889526
5.03832387924
4.98933196068
4.94182515144
4.95383381844
5.29567193985
5.02877497673
5.17372488976
4.9583170414
4.95170998573
5.12441086769
4.92691612244
5.01377105713
4.9606359005
5.00506591797
4.96004915237
5.88646101952
4.94324398041
4.94229102135
4.96386599541
4.94702100754
4.963078022
5.75393080711
4.99415707588
4.94421195984
4.95191383362
4.94669103622
4.96737003326
4.94940280914
4.94774198532
4.92346310616
4.94988107681
4.92785191536
4.92309713364
5.55638194084
4.91999197006
4.93550491333
4.918156147
4.92017698288
4.9403860569
4.91450595856
4.92440986633
4.99346899986
4.93874979019
4.94676780701
5.25684380531
6.10612106323
4.94628882408
4.93395018578
5.49588513374
4.92554497719
4.93378615379
4.92547392845
4.93547201157
4.9221971035
4.95346403122
4.94788599014
4.94470500946
4.93322205544
5.40085816383
5.06029415131
4.93113994598
4.94970107079
4.92648601532
5.0165579319
5.06558084488
4.93854498863
4.9868979454
4.9579269886
6.44496202469
5.08824205399
4.92317605019
4.93588995934
5.05237293243
4.95637702942
4.9658639431
5.05724000931
4.93536901474
4.94139313698
4.91629099846
4.92290115356
4.94726395607
4.95726799965
5.36711001396
4.93818211555
4.95880079269
5.02372908592
