100
8.90437507629
7.09049105644
6.90008020401
11.1950531006
6.37264204025
10.0105669498
10.0021679401
6.4936439991
9.25343108177
6.2149720192
6.21210885048
7.39508605003
12.5977449417
9.30094599724
5.92868804932
10.5270750523
7.66181588173
8.51550722122
14.5390889645
8.98783993721
6.83037185669
6.31252598763
18.6530611515
6.35320281982
13.5677888393
7.72408413887
9.45604395866
8.46558618546
8.20863699913
6.54424500465
6.39235305786
12.1057808399
6.39475107193
6.79102993011
11.271971941
6.5744638443
12.6421568394
6.649518013
14.3911230564
5.97303915024
11.603000164
6.82767891884
10.1920311451
7.36571288109
6.33182096481
8.92313599586
6.22811484337
8.38531589508
8.30184197426
6.15061306953
7.53450393677
6.79126691818
9.3329398632
6.36381602287
13.7831170559
8.38422083855
11.573759079
10.3045670986
6.17565202713
6.89272117615
9.06792402267
11.7647380829
7.19735193253
9.39366912842
7.81303906441
7.11228013039
9.1884970665
9.79382991791
6.78856611252
9.55920100212
6.36945199966
6.3030359745
8.08021092415
6.35994100571
7.37691998482
5.94358301163
6.29291582108
14.0461480618
11.300235033
13.8281350136
6.47652006149
10.0371189117
6.31057214737
8.45066595078
10.1605341434
7.56550002098
6.97690296173
9.41241002083
6.10453104973
12.2978081703
6.18592905998
8.88382220268
11.6427111626
6.13042902946
5.86524319649
5.83781194687
8.6418569088
6.41844511032
7.69864606857
8.48325610161
