100
18.7339789867
19.6917619705
18.4944159985
18.8602209091
19.0668730736
18.366186142
18.3598001003
19.0348489285
18.5382499695
18.8967981339
13.504652977
11.8501460552
10.8872189522
10.8636920452
10.8061950207
10.8230850697
10.9791409969
12.8664281368
17.2197198868
13.4034869671
13.6996378899
13.4687330723
26.4720458984
13.4559829235
13.0364840031
18.4324440956
12.9399180412
15.1642150879
23.3979649544
12.3764288425
18.2032470703
14.5726931095
22.7114908695
14.2660591602
22.2662010193
14.6672689915
17.0790028572
15.718927145
14.691395998
20.7205708027
14.3331751823
23.764662981
13.4585340023
20.9211080074
14.5701131821
15.1170840263
19.5998501778
15.2459471226
17.723788023
17.0240020752
14.980522871
18.7816679478
14.418047905
15.5569279194
20.4941859245
14.2152471542
22.8315420151
13.1448910236
23.1251780987
14.2476670742
19.0875408649
14.1238939762
16.4334039688
13.4214599133
14.6635940075
22.8100459576
13.3171281815
22.1014139652
15.8050432205
30.5671229362
16.3432509899
23.4101741314
13.0295341015
23.5009088516
13.7646169662
21.7158620358
18.0811738968
14.1275510788
22.2287948132
14.6104340553
23.0506391525
14.4205400944
19.2384490967
14.2337441444
16.1929140091
20.2587580681
14.3866350651
23.5954909325
14.7363550663
27.2806978226
16.4381477833
24.5911710262
13.2639169693
22.8492970467
13.6399600506
16.1739389896
13.3712618351
14.3428478241
20.7736709118
14.2235639095
22.3201611042
13.812556982
21.33548522
13.2519319057
21.982462883
14.3655049801
18.1334550381
13.772865057
23.2438011169
23.6827740669
15.4068741798
14.4607629776
17.4287281036
15.9582800865
13.6070549488
21.8466598988
13.8705329895
22.980661869
13.7152199745
19.5185990334
13.9563860893
17.7147400379
17.0231461525
13.7903161049
21.0243270397
14.5667059422
22.7793419361
14.4609189034
18.6732561588
13.0722939968
16.1990020275
15.5600459576
22.909101963
14.1565418243
23.6655368805
14.3886740208
17.8372981548
14.3586890697
15.2695829868
19.4622719288
13.3114850521
21.0563139915
13.9104499817
22.4535019398
13.5764238834
20.8666160107
13.8183879852
17.6872739792
13.7113130093
14.9479429722
16.4805700779
14.5458629131
13.6119139194
26.8229510784
15.6373729706
24.533080101
12.9457709789
22.4824249744
13.7752699852
16.8457610607
15.5497789383
13.4620270729
18.9647710323
13.9973471165
22.734910965
14.1799829006
19.1604111195
14.2791008949
16.6636471748
16.1520678997
13.7033441067
16.7372488976
14.202614069
20.7335469723
19.6841549873
14.3480191231
18.2958931923
14.3365569115
15.2510499954
16.7895379066
14.2108399868
20.9250750542
12.4282000065
21.3702809811
13.933079958
22.5457010269
13.4552590847
20.1937339306
14.0687918663
18.7065458298
13.92527318
15.5610032082
19.830796957
17.7943849564
16.7092561722
19.0881588459
14.5812680721
21.6241900921
13.9777178764
18.8973481655
11.1737611294
13.8282291889
11.1120049953
17.9009628296
10.7606129646
18.8895161152
11.3089709282
18.1095168591
10.7093410492
16.8949241638
10.9246690273
13.5598568916
10.8444161415
11.0114979744
12.8463730812
11.2031700611
13.3757789135
12.492866993
22.2976238728
10.6616930962
10.255573988
15.0608701706
10.697977066
14.5882818699
10.8967418671
16.7449901104
11.3647608757
17.1065070629
11.5722551346
18.4575459957
10.704199791
19.3838059902
10.834332943
18.9319849014
10.6514458656
18.6466181278
10.8875668049
18.0730388165
10.7962110043
14.0688550472
10.0745539665
9.57517409325
9.79788589478
10.0429768562
9.39064407349
9.20841312408
10.1982929707
9.10802817345
9.00486516953
9.04820609093
9.88089990616
9.34156394005
9.00558781624
9.60252714157
8.38287115097
9.43529701233
9.47505187988
9.57175993919
9.73777580261
8.93772792816
9.23151397705
9.25988006592
9.56020498276
9.08527612686
9.13292694092
9.35658502579
9.67591691017
9.94147610664
8.86354207993
9.11772489548
9.11644291878
9.13286709785
9.18928289413
9.94664502144
9.07388496399
8.98842215538
9.04379582405
9.65863394737
8.98371386528
9.31062507629
9.71232008934
8.83786892891
8.44517493248
9.49452710152
9.20336890221
8.85667705536
9.45850896835
9.48610806465
9.55191397667
9.68921709061
8.98737311363
9.42912101746
9.10643577576
9.64185595512
8.88733696938
9.11665296555
8.9346780777
9.47534394264
9.20209407806
9.11032891273
7.88298797607
8.08193993568
8.11096310616
8.09183096886
7.73926591873
7.803647995
7.6698539257
8.17802286148
7.85534596443
7.92428398132
8.05684494972
8.10758399963
7.39680099487
8.16939711571
8.20042800903
7.91130709648
7.59247994423
7.7581050396
7.56471014023
7.70891785622
8.1815829277
7.77282691002
7.72860193253
8.3071770668
8.2137761116
8.18990087509
8.10133600235
8.90609788895
8.2090921402
8.1427359581
7.69471788406
7.37096691132
8.10557794571
8.07318210602
8.04204201698
8.08314990997
7.84948992729
7.98063707352
8.05709290504
8.02730607986
8.16192483902
7.7765519619
8.14170789719
8.2178030014
7.8928527832
7.97141289711
7.77815294266
8.1088809967
8.36237978935
8.17825984955
7.69241094589
8.42066407204
8.22701382637
8.300770998
8.15593910217
8.68812799454
8.03826498985
8.21351003647
8.3916220665
8.04425001144
7.84229898453
8.25283694267
7.86181402206
8.37616705894
8.3174161911
7.98730492592
8.18682098389
8.34742021561
8.59501385689
8.21421003342
8.54746794701
8.07599592209
8.14170503616
8.27119493484
8.12990117073
8.10008096695
7.7757999897
8.08175206184
8.24380207062
8.16548299789
7.82061600685
8.44227409363
7.9187669754
7.77037477493
7.9766600132
8.3542611599
7.89119696617
7.83182001114
8.00840806961
7.52039408684
7.95240998268
7.55214619637
7.67017793655
7.94229888916
8.06409215927
8.15838098526
7.89443898201
8.23368000984
7.73800587654
8.30280804634
7.26117801666
8.4968791008
6.93576097488
7.49527692795
6.82667779922
7.33463692665
7.38341999054
7.26314401627
6.63998007774
7.40853595734
7.38221693039
7.29268598557
7.13328695297
7.22338199615
7.12283205986
7.35631418228
7.24836015701
7.28036689758
7.04980492592
7.47467708588
7.22656416893
7.25290703773
7.18842792511
7.31728291512
7.56218600273
7.31042790413
8.09578299522
7.17031097412
7.18542289734
7.41218400002
7.23190712929
7.10267710686
7.33289003372
7.32396388054
7.35266017914
7.35237288475
6.90914297104
8.1090528965
6.85059714317
6.80196619034
7.10872006416
7.13513207436
6.90993094444
7.26548314095
7.11916899681
7.05683016777
7.09932303429
7.43384599686
7.23114490509
7.2537958622
7.33140921593
7.19080495834
7.36175513268
7.4974899292
7.30843997002
7.28042387962
7.28292417526
7.7646458149
7.09804701805
7.21098709106
7.33098387718
7.19920301437
7.37407898903
8.26556897163
7.04401803017
7.46525001526
7.36524415016
6.92566680908
7.20413517952
7.2473180294
7.32957100868
7.12625408173
7.24453401566
7.22131490707
6.88877105713
7.18942093849
7.25789690018
6.90006995201
7.13618588448
7.29165101051
7.56158208847
7.54730892181
7.08503293991
7.67074418068
7.21951413155
6.95963001251
7.42588090897
6.90445780754
7.42631101608
7.21533513069
6.97001099586
7.60189390182
6.58199501038
7.31301808357
6.99743890762
7.41031503677
7.09815788269
7.35968780518
7.81157588959
7.61747288704
6.89198493958
6.56323003769
6.68996405602
7.15670704842
6.66892886162
6.6453640461
6.61340880394
6.73868608475
6.68744206429
6.4238960743
6.76465201378
6.62743592262
6.49721288681
6.88735890388
6.89438796043
6.82328605652
6.54671192169
6.71536588669
7.31235384941
6.67649579048
6.42625904083
7.21513795853
6.58368086815
7.12080693245
6.21184420586
6.44448494911
6.36546611786
6.55870485306
6.3260910511
6.26525902748
6.69573903084
6.43249392509
7.39654302597
6.3562438488
6.0801410675
6.60812783241
6.72896194458
6.10022497177
6.64146304131
6.49087381363
6.70450401306
6.36784911156
6.47144412994
6.53479909897
6.20067095757
6.45740580559
6.81652593613
6.63771104813
6.41742300987
6.65850710869
6.65837693214
6.57323002815
7.38482499123
6.69874405861
6.62976717949
6.67806696892
6.41388702393
6.38724303246
7.43850016594
6.36591601372
7.14191889763
6.37192082405
7.13312506676
6.31843996048
7.05279612541
6.43488407135
6.81166195869
6.63149785995
6.56179499626
6.62866020203
6.66992092133
6.88440990448
6.8607378006
6.3762319088
6.76750183105
6.63890790939
6.49515914917
6.82452392578
6.64210104942
6.66240787506
7.07179617882
6.09593915939
6.75094890594
6.69111013412
6.73840498924
6.92244911194
6.5800640583
6.93240714073
6.91402792931
7.0901799202
6.96108102798
6.67249512672
6.52212405205
6.88154387474
6.8773329258
6.74609518051
8.06274604797
7.44854092598
6.1424601078
6.77917218208
6.08978009224
6.06508684158
6.05884695053
6.31665611267
6.26190090179
6.22125005722
6.31503105164
6.20137095451
6.24154496193
6.22825503349
6.44976902008
6.65894603729
5.98404502869
5.83472084999
6.21316194534
6.32503390312
5.90261602402
6.38262009621
6.04844284058
6.22253394127
6.20127010345
5.91776990891
6.78823900223
6.22562503815
6.30629706383
6.28931498528
6.02440595627
6.03389215469
5.90796685219
6.01223111153
6.28920602798
6.40180897713
6.14753985405
7.42193603516
6.13294506073
6.33275794983
6.04362392426
6.06730008125
6.07929086685
6.34704899788
6.25144791603
6.31470513344
6.85219502449
6.09559202194
6.21532201767
6.15838003159
6.10673809052
6.24411606789
6.06677699089
6.59085583687
6.09862685204
6.21216988564
5.74441003799
5.99690389633
6.10399198532
6.13827109337
6.01521492004
6.05232906342
6.06208705902
6.23216319084
6.05306005478
6.20715808868
6.09028577805
5.89511799812
6.01891279221
6.22957420349
6.86312294006
5.81806612015
7.46634197235
6.26086688042
6.2025949955
6.28675603867
5.93651294708
5.93040394783
6.3088080883
6.0802628994
6.31359887123
6.29716706276
6.29202914238
6.29320216179
6.27287197113
6.30861496925
6.23354196548
6.35231399536
6.0995759964
6.09124684334
6.06527781487
6.16612410545
5.89309406281
6.38138890266
6.06861996651
6.36504602432
6.24688911438
6.27274084091
6.29578995705
6.30099701881
6.09018516541
6.15101313591
6.67805194855
6.17234802246
5.99735498428
6.17322492599
5.93768382072
5.90927696228
5.92900085449
6.11956691742
6.04829406738
5.72007989883
6.02748608589
5.6668009758
6.04409909248
5.94969797134
5.62043190002
6.54258918762
6.0444688797
5.86530399323
6.12516903877
6.16727495193
6.31933307648
6.1715760231
6.21575689316
6.09476304054
5.65821790695
5.8384540081
5.81463193893
5.87782287598
5.96166777611
5.99107813835
5.85488295555
5.99442982674
5.94075989723
6.03035902977
5.8714158535
5.64723515511
5.86867904663
5.8208360672
5.67910003662
5.99882292747
5.96758508682
5.83079004288
5.71331906319
5.77109885216
5.66418504715
5.75777196884
5.82622599602
5.7879447937
5.93418598175
5.87480306625
5.98908615112
5.72370314598
5.80460381508
5.85889792442
5.56525111198
5.78432893753
5.8708050251
5.92870402336
5.80556797981
5.66610002518
5.89608812332
5.90039896965
5.99008893967
5.7598259449
5.88336896896
5.89588212967
5.96517395973
5.86687517166
5.6570379734
5.78968906403
5.8027100563
6.59844303131
5.97966790199
5.9225320816
5.83603000641
5.84363412857
5.88671112061
5.82895612717
6.0481710434
5.67390012741
5.65721297264
5.77851104736
5.86110877991
5.84954595566
5.7704269886
5.8301551342
5.81902813911
5.77191400528
5.97263097763
5.75947713852
5.83605289459
5.82899713516
6.02915382385
5.85466217995
5.96733403206
5.77443408966
5.95012879372
5.84143996239
5.98732686043
5.83238506317
5.88607192039
5.83567500114
5.52911996841
5.69997811317
5.61161017418
5.6076939106
5.47002792358
5.69893884659
5.72253799438
5.81389594078
5.57192206383
5.83115100861
6.04962301254
6.00976395607
5.63034296036
5.77472400665
5.6943359375
5.46886587143
5.7559030056
5.40902781487
5.57525205612
5.59534096718
5.60894989967
5.64918112755
5.59601402283
5.65137195587
5.36082482338
5.55492997169
5.7242770195
5.41642594337
5.59398412704
5.60692596436
5.67362213135
5.60807800293
5.44185185432
5.57032299042
5.68806695938
5.48336100578
5.39254808426
5.55510902405
5.4324669838
5.55036997795
5.70828413963
5.57669997215
5.62147307396
5.55005908012
5.46585988998
5.41076517105
5.38524794579
5.87121796608
5.65573310852
5.79893898964
5.76474404335
5.67375588417
5.69524288177
5.60515880585
5.57870602608
5.58797311783
5.40191197395
5.43178391457
5.52318191528
5.88539099693
5.66068005562
5.63270902634
5.60783886909
5.64312386513
5.63881182671
5.58230209351
5.53548002243
5.58098983765
5.40710806847
5.60610079765
5.5806620121
5.77179479599
5.54430484772
5.92437410355
5.5983479023
5.51067209244
6.18231678009
5.96915602684
5.62212395668
5.67835879326
5.61799383163
5.55819106102
5.60460281372
5.59104204178
5.64146614075
5.57066988945
5.57295107841
5.61204504967
5.62097907066
5.46301388741
5.75744009018
5.54321408272
5.78521203995
5.71939110756
5.97919297218
5.6915781498
5.68442106247
5.66095304489
5.74894094467
5.59648489952
5.27508401871
5.42660093307
5.34935998917
5.24385404587
5.39987492561
5.50706100464
5.48068594933
5.47988700867
5.43217611313
5.62787008286
5.83804702759
5.52462601662
5.65326595306
5.55222201347
5.42475891113
5.47091507912
5.5739030838
5.48627996445
5.26121807098
5.32558202744
5.37170791626
5.41616082191
5.35045194626
5.53084802628
5.44971585274
5.45570516586
5.49404597282
5.48265814781
5.56407690048
5.48092913628
5.55708599091
5.37890696526
5.52965402603
5.48196101189
5.54326200485
5.43742394447
5.48097777367
5.44915699959
5.56401014328
5.38598918915
5.78682494164
5.72985100746
5.36676502228
5.45222711563
5.29437088966
5.46390390396
5.51903605461
5.39483594894
5.35545802116
5.49892091751
5.86793494225
5.47469091415
5.80353593826
5.62897896767
5.68424201012
5.29605317116
5.5553278923
5.62126207352
5.50376987457
5.47797393799
5.7501540184
5.65187597275
5.51766490936
5.44119501114
5.4730861187
5.48485589027
5.49709796906
5.45115208626
5.42411208153
5.52133607864
5.59933710098
5.49770283699
5.31886196136
5.43014883995
5.66095209122
5.98386502266
5.41980791092
5.44103693962
5.45503306389
5.89036107063
5.39751005173
5.70211410522
5.32855701447
5.36103391647
5.44695210457
5.81850004196
5.45859694481
5.92933082581
5.56300497055
5.50198912621
5.50482201576
5.72064900398
5.82671308517
5.48865699768
5.36748719215
5.66912817955
5.49248290062
5.47355079651
5.36615085602
5.51257491112
5.43520712852
5.35536003113
5.27603697777
5.28014588356
5.37977695465
5.37169790268
5.51818299294
5.36989688873
5.51305317879
5.3988161087
5.28088903427
5.42147517204
5.42141890526
5.54391694069
5.38663697243
5.81711101532
5.4147541523
5.47833204269
5.56165003777
5.32154107094
5.44012212753
5.44004392624
5.57547187805
5.33498811722
5.49240016937
5.30277705193
5.38813710213
5.52865195274
5.46639299393
5.33206796646
5.51857805252
5.39441514015
5.43642497063
5.27331995964
5.44204497337
5.44402599335
5.3472840786
5.3413310051
5.75699496269
5.42593312263
5.42421603203
5.36183285713
5.32463312149
5.34486198425
5.34116411209
5.3258960247
5.37974119186
5.43379402161
5.83238387108
5.27245497704
5.35454392433
5.33202290535
5.50960683823
5.38408899307
5.42332005501
5.32966089249
5.37826704979
5.49780988693
5.62217497826
5.61208701134
5.41108703613
5.38982892036
5.27044916153
5.37096500397
5.29084897041
5.34570407867
5.36401200294
5.35547280312
5.84062409401
5.60674715042
5.42486596107
5.40111494064
5.30206108093
5.40010309219
5.45042705536
5.74738883972
5.58630514145
5.46060204506
5.36428999901
5.39221000671
5.29382491112
5.38786196709
5.34879112244
5.3924779892
5.56142902374
5.40240502357
5.59680509567
5.46803092957
5.30360412598
5.22719120979
5.52674388885
5.59597706795
5.50946378708
5.39500999451
5.3410859108
5.29189896584
5.61387395859
5.38975596428
5.41213083267
5.57422113419
5.37395501137
5.27040410042
5.59188985825
5.25421190262
5.5150680542
5.5026640892
5.41577887535
5.52887201309
5.25727891922
5.35870480537
5.42719602585
5.26806306839
5.23950505257
5.42287683487
5.71674990654
5.90611600876
5.63224101067
5.25464200974
5.43626499176
5.66354393959
6.52666592598
5.45933389664
5.35180497169
5.46030092239
5.31167793274
5.57727193832
5.46895194054
5.33103919029
5.31729984283
5.43849301338
5.40970396996
5.37628602982
5.2462990284
5.46394610405
5.21303606033
5.30784797668
5.24345993996
5.20908093452
5.34316301346
5.46708106995
5.33769011497
5.16156721115
5.29904103279
5.2813539505
5.22010707855
5.37682986259
5.22732591629
5.32530093193
5.40837788582
5.31715703011
5.29596686363
5.36485815048
5.2355928421
5.4433400631
5.27825713158
5.34757494926
5.27629995346
5.17203903198
5.33254504204
5.25222802162
5.4843249321
5.36023402214
5.35965013504
5.43688201904
5.28362298012
5.28072500229
5.77291607857
5.47596311569
5.32312083244
5.3369910717
5.25033211708
5.31569695473
5.23875713348
5.26043200493
5.36027288437
5.30055212975
5.34196281433
5.16133594513
5.3025457859
5.30535411835
5.24305200577
5.23526191711
5.25214195251
5.33994293213
5.32332706451
5.27753400803
5.29462504387
5.23191523552
5.24567103386
5.32362818718
5.29942393303
5.30762600899
5.30098414421
5.15839791298
5.32195210457
5.21640086174
5.19116282463
5.50990200043
5.43640303612
5.33955216408
5.56924796104
5.35728216171
5.55561113358
5.35005092621
5.61228179932
5.26791810989
5.41306900978
5.32483005524
5.77410101891
5.3608751297
5.2449901104
5.57065987587
5.27663302422
5.41446590424
5.3543651104
5.30086302757
5.11584997177
5.24823594093
5.27895212173
5.16652393341
5.16764998436
5.4600019455
5.35873794556
5.31396007538
5.43777108192
5.42928981781
5.38508605957
5.5662791729
5.3871781826
5.40253591537
5.17933011055
5.18734288216
5.24691295624
5.1305398941
5.4149119854
5.22787308693
5.22628498077
5.37618207932
5.28651499748
5.24610996246
5.42532491684
5.36678504944
5.43615913391
5.38502717018
5.27509713173
5.40817403793
5.5842590332
5.25263595581
5.29885601997
5.29665493965
5.23172998428
5.3171081543
5.19613409042
5.40609097481
5.32297897339
5.39429092407
5.22167396545
5.16440010071
5.35135602951
5.38512802124
5.33112311363
5.2597489357
5.36983418465
5.35286998749
5.34187483788
5.66598391533
5.31934595108
5.71693181992
5.32423114777
5.51832985878
5.28239393234
4.96987199783
5.16882205009
5.21635890007
5.3481400013
5.40095186234
5.27628183365
5.27607989311
5.2060239315
5.39269804955
5.34083199501
5.54105401039
5.39188313484
5.24558401108
5.73711013794
5.28758215904
5.32804298401
5.30691289902
5.39905500412
5.29244494438
5.17904901505
5.24576401711
5.40319418907
5.46261906624
5.33657598495
5.53409409523
5.17529392242
5.22579693794
5.28140902519
5.25493097305
5.2164850235
5.39493083954
5.41155004501
5.42489719391
5.25761508942
5.24226307869
5.25419402122
5.37915992737
5.35000109673
5.26722598076
5.23220586777
5.25611019135
5.25602483749
5.26037406921
5.09820699692
5.38628697395
5.37235403061
5.56066894531
5.49680805206
5.21561598778
5.33471298218
5.45884299278
5.178565979
5.30803394318
5.37025117874
5.17136502266
5.56547403336
5.20227384567
5.30487203598
5.24453496933
5.24880719185
5.35179591179
5.1159529686
5.19833898544
5.31485581398
5.67913293839
5.44565987587
5.43413496017
5.17867588997
5.61851501465
5.19461917877
5.37205004692
5.17821002007
5.50261092186
5.39378905296
5.15404200554
5.28435611725
5.34661197662
5.38146305084
5.03321385384
5.26808214188
5.54273104668
5.69214606285
5.36888694763
5.24815297127
6.00105690956
5.52690315247
5.47136592865
5.09157299995
5.22534203529
5.61028981209
5.30080604553
5.29896998405
5.14899897575
5.19938206673
5.24582600594
5.33161687851
5.3506758213
5.40821099281
5.26178193092
5.26116895676
5.2191259861
5.42159795761
5.23275184631
5.30642604828
5.62862920761
5.18861699104
5.17073392868
5.38019895554
5.24391388893
5.36680078506
5.15563702583
5.29087805748
5.50532197952
5.48104596138
5.15967702866
5.28161883354
5.2024409771
5.55853319168
5.39866805077
6.17506289482
5.1174890995
5.11401295662
5.24427890778
5.10594201088
5.23002099991
5.47411990166
5.19725298882
5.23136401176
5.2504029274
5.20161795616
5.21950006485
5.19621992111
5.16902780533
5.11738014221
5.19800806046
5.16579198837
5.12669587135
5.27127099037
5.18429398537
5.03767800331
5.20723605156
5.19634509087
5.10154390335
5.25220513344
5.30777311325
5.04331588745
5.19724488258
5.02696299553
5.29155182838
5.30868196487
5.21644091606
5.117000103
5.22283196449
5.12969684601
5.17761397362
5.12064599991
5.25606608391
5.23181414604
5.18319106102
5.20484495163
5.20566105843
5.18324685097
5.28148698807
5.14465308189
5.41419887543
5.26113915443
5.19389891624
5.24537205696
5.3016769886
5.22758817673
5.20855593681
5.13497519493
5.19474387169
5.09400892258
5.6007668972
5.58648991585
5.23700094223
5.23751592636
5.26453208923
5.27395796776
5.22583889961
5.32114696503
5.23202705383
5.38345599174
5.13200807571
5.27015709877
5.10451197624
5.16951203346
5.09838199615
5.29475283623
5.09491705894
5.23378300667
5.12853312492
5.15561318398
5.03062081337
5.12860989571
5.12332010269
5.11722302437
5.05273294449
5.34685993195
5.58148884773
5.53915214539
5.36824798584
5.26372098923
5.51743888855
5.65258598328
5.23830795288
5.53692507744
5.39930605888
5.46795606613
5.29046010971
5.34484601021
5.32634615898
5.21269893646
5.24152112007
5.24151492119
5.46792197227
5.16883397102
5.3404481411
5.34702992439
5.3342769146
5.81833577156
5.41203904152
5.27637505531
5.36722183228
5.42820811272
5.42585992813
5.32876896858
5.34873986244
5.41616201401
5.28349113464
5.40552592278
5.48649191856
5.29627203941
5.2102098465
5.35520100594
5.22192120552
5.31901597977
5.34768414497
5.25559902191
5.06561303139
5.20024704933
5.013048172
5.45479607582
5.25334787369
5.36485981941
5.1611161232
5.17104315758
5.19901704788
5.29833698273
5.42586898804
5.31737112999
5.15672087669
4.83717608452
5.41031193733
5.52029395103
5.27381491661
5.32518720627
5.32630705833
5.33627295494
5.31576108932
5.55357909203
5.42650985718
5.419891119
5.33517384529
5.38001894951
5.4910030365
5.31979203224
5.18569397926
5.2457678318
5.33454704285
5.43309783936
5.29631400108
5.33073186874
5.34872412682
5.30919289589
5.29561495781
5.23189806938
5.32247591019
5.2254948616
5.54862093925
5.34399700165
5.26332998276
5.37893605232
5.12005805969
5.22224593163
5.38354492188
5.27721118927
5.26559996605
5.30036497116
5.25506210327
5.2575469017
5.09443807602
5.18967318535
5.50839996338
5.23677396774
5.32209205627
5.41472506523
5.39010906219
5.3129529953
5.33777117729
5.18034100533
5.46783709526
5.32559013367
5.35707402229
5.32059311867
5.38238286972
5.37072706223
5.32028889656
5.5957839489
5.40207600594
5.42081189156
5.56017684937
5.6083381176
5.50925588608
5.46725511551
5.42769813538
5.51365303993
5.5849609375
5.62044596672
5.27097392082
5.46570491791
5.91184592247
5.30421304703
5.50456500053
5.45758295059
5.68592095375
6.49420404434
5.43872284889
5.37665510178
5.29248094559
5.06443810463
5.06541705132
5.23161792755
5.42525100708
5.44596219063
4.98675894737
5.05449414253
5.34790492058
5.11225414276
5.28845906258
5.47175598145
5.39579105377
5.22962093353
5.13224601746
5.46092009544
5.32577705383
5.12354803085
5.17736101151
5.13414001465
5.02750301361
5.06905889511
5.23982286453
5.08809494972
5.24097299576
5.40284204483
4.99666690826
5.26573681831
4.9771399498
5.14308285713
5.25282502174
5.69536805153
5.24799799919
5.19956111908
5.10236692429
5.15515303612
5.0429110527
5.08950710297
5.05829286575
5.07809710503
5.08372211456
5.31310987473
5.10097789764
5.18521881104
5.30724310875
6.17322587967
6.21563386917
6.38715386391
6.08183693886
6.53415608406
5.63856005669
5.99925899506
6.14436197281
6.29879808426
6.31067895889
6.13714313507
5.90842914581
6.30686283112
6.09449481964
5.19715809822
5.1475918293
4.99365592003
5.18658208847
4.78696990013
5.39097905159
5.01261901855
4.78352618217
4.99363183975
4.9809088707
4.91915202141
4.80488991737
4.85371899605
4.83389806747
4.98609805107
5.40626907349
4.86709403992
4.94648194313
4.99459290504
4.91756510735
4.95844602585
4.8843858242
4.90144991875
4.76927113533
4.91164398193
4.89660191536
4.9148709774
5.00961709023
4.9156370163
4.87924599648
4.91844201088
5.00219583511
5.09065413475
4.98333001137
4.93461298943
4.78740119934
4.81938290596
4.91226196289
4.75153207779
4.90287804604
4.89274120331
5.20763993263
4.86261796951
4.82064795494
4.88095498085
4.81224393845
4.92035508156
4.79092693329
5.01497077942
4.99409604073
4.82117390633
4.88790488243
4.73883914948
4.80127000809
4.77299404144
4.80639600754
4.84203505516
4.83458185196
4.94461107254
4.74178099632
4.81823897362
4.82507514954
4.74939608574
4.81132721901
4.79437494278
4.8334479332
4.72518205643
4.85765910149
5.10770487785
4.86560988426
4.95945596695
5.55006098747
5.10732412338
5.10726594925
4.79918289185
5.68320584297
4.85023188591
5.02652406693
4.91090393066
4.8629720211
5.84915208817
5.27088093758
5.19656801224
4.9126739502
4.92725396156
4.87328600883
4.9053800106
4.90885400772
4.86414694786
5.7868847847
5.16281795502
4.91501188278
4.81444096565
4.85532999039
4.87454795837
4.90295791626
4.76826000214
4.87230801582
5.98467302322
5.134319067
4.96611213684
5.1687309742
5.80045485497
5.54756307602
4.96336889267
4.99845814705
5.24860692024
5.55299496651
5.82688808441
4.76149201393
5.23478507996
5.04222202301
4.99183106422
4.90165400505
4.93562602997
5.53072690964
5.76917481422
5.03474998474
5.43089699745
5.54248905182
4.98937916756
4.77395987511
4.75347900391
5.29504704475
4.75349807739
4.95817708969
4.84939312935
5.5608830452
6.20586895943
4.8701839447
4.85906410217
5.00242710114
4.81596112251
5.38489413261
4.78048014641
5.34427499771
5.90089583397
4.99831295013
4.86480808258
4.88202595711
4.68343710899
4.81066918373
5.47218203545
4.86785292625
4.97436308861
4.90801000595
4.74096083641
4.69212317467
5.55084609985
5.37551212311
4.78666782379
5.05406689644
4.76494002342
4.73794603348
5.55686807632
5.49091076851
4.81701302528
4.73685407639
5.84722805023
6.23307204247
5.16402316093
4.68452787399
4.7512588501
4.69410610199
5.27187108994
4.88279819489
4.93525695801
4.80309510231
5.65654706955
5.17835116386
5.45837879181
4.72639083862
4.75477695465
5.86554312706
4.99684882164
5.58199191093
5.24948596954
4.92353391647
5.6936750412
5.12929105759
4.84586691856
4.83161783218
4.90641593933
4.89075398445
5.01275420189
5.07859015465
4.82304787636
4.75810599327
4.76145505905
4.81649899483
4.95555305481
4.74531292915
4.97529792786
4.82693195343
4.82272696495
4.8593480587
4.7813038826
4.80010795593
4.8008389473
4.77887606621
4.93905305862
4.94381809235
4.7662088871
5.01620292664
4.97501802444
4.98458003998
4.98214578629
4.93121981621
4.91615104675
4.86180210114
5.11158800125
4.93397402763
4.99448084831
5.05270385742
5.0175909996
4.92915010452
4.98659706116
4.93848395348
4.99692487717
4.9193520546
4.95376515388
5.13756895065
4.88058495522
4.94570994377
4.93615007401
4.84630799294
4.78271317482
4.70756912231
4.81393909454
4.74271798134
4.67971301079
4.81810688972
4.72268915176
4.81132006645
4.84374213219
4.86155700684
4.82624220848
4.87772583961
4.74675703049
4.75457286835
4.90424203873
4.67144489288
4.72205805779
4.77631092072
4.77192521095
4.80496191978
4.90125083923
4.80418610573
4.76069116592
4.80293083191
4.74044919014
4.76771807671
4.73386001587
4.74894714355
4.66034603119
4.80941390991
4.87771987915
4.87404918671
4.71914982796
4.74372196198
4.97136211395
4.79630208015
4.81198310852
4.70323085785
4.8673479557
4.68885278702
4.89663004875
4.74920201302
4.78294801712
4.80035090446
4.70183110237
4.86867690086
4.84558606148
4.75228691101
4.79365897179
4.94114398956
4.75797080994
4.76372504234
4.82289409637
4.80936408043
4.84466981888
4.69230604172
4.75854206085
4.77083015442
4.86542010307
4.81507492065
4.93294382095
4.94823002815
4.79531097412
4.80779314041
4.74734997749
4.7242269516
4.83509206772
4.76329994202
4.92176318169
4.75279307365
4.78112697601
4.6988530159
4.77543210983
4.74850201607
4.746322155
4.7573890686
4.77336001396
4.7815489769
4.74497509003
4.84326505661
4.86106610298
4.69772100449
4.74446296692
4.8396089077
4.72734189034
4.77467513084
4.69233012199
4.75449490547
4.78666710854
4.68191289902
4.81981706619
4.74842214584
4.70572400093
4.7463760376
4.73351407051
4.70753908157
4.7841231823
4.75601792336
4.77666306496
4.74672603607
4.81408786774
4.74255204201
4.92996692657
4.84554004669
4.81139087677
4.79939603806
4.79924702644
4.87613487244
4.72022819519
4.85523509979
4.62243890762
4.92070913315
4.86029720306
4.77354812622
4.72783684731
4.89742088318
4.71392607689
4.77340316772
4.84295701981
4.6923160553
4.89615702629
4.69192409515
4.7488360405
4.75420308113
4.75935411453
4.83612012863
4.6829559803
4.74489402771
4.68576598167
4.82741904259
4.80622887611
4.72473502159
4.98259687424
4.82134413719
4.72435498238
4.96439194679
4.80684185028
4.88474416733
4.78383684158
4.71900200844
4.75229406357
4.72479510307
4.74250507355
4.77811312675
4.78571891785
4.7545170784
4.80726790428
4.72490811348
4.68503403664
4.78414416313
4.96209597588
4.98892092705
4.76238012314
4.78844404221
4.81103992462
4.70382499695
4.78549313545
4.95611381531
4.78192400932
4.87511110306
4.92896699905
4.72327589989
4.77386188507
4.89318704605
4.77753782272
4.68521499634
4.71184110641
4.8557600975
4.7156188488
4.7263739109
4.75084781647
4.69223308563
4.83394312859
4.68389081955
4.73974394798
4.79038310051
4.69904088974
4.81850910187
4.76764392853
4.93936800957
4.75553703308
4.7612888813
4.78083610535
4.73928594589
4.81923794746
4.7497279644
4.83111405373
4.84348583221
4.79900288582
4.77855992317
4.70928788185
4.80386686325
4.79724693298
4.8210299015
4.75676298141
4.74493503571
4.88626194
4.73209905624
4.76762199402
4.76152992249
4.77390599251
4.69161105156
4.72953486443
4.73136997223
4.78640294075
4.87103390694
4.73700404167
4.7138531208
4.88460493088
4.6826069355
4.76826095581
4.83619213104
4.83745503426
4.95233988762
4.76377391815
4.80046391487
4.8753528595
4.69873309135
4.87945914268
4.659938097
4.86206507683
4.65752315521
4.70272898674
4.71841692924
4.73391008377
4.7757229805
4.89543700218
4.84016084671
4.72708201408
4.74850702286
4.69597792625
4.73590993881
4.76211881638
4.73153686523
4.94569206238
4.71621918678
4.66952514648
4.80839300156
4.87709617615
4.76797103882
4.81130099297
4.88011693954
4.67128300667
4.70491290092
4.66882514954
4.80391120911
4.82023692131
4.83088302612
4.84268403053
4.84409403801
4.87988805771
4.76376986504
4.71003699303
4.81145501137
4.7803030014
4.84857702255
4.80024194717
4.73079109192
4.72973489761
4.87199306488
4.75272202492
4.91189885139
4.68784308434
4.92281389236
4.89843893051
4.85765480995
4.82908391953
4.78133487701
4.72468709946
4.70872807503
4.69015407562
4.7418448925
4.703966856
4.84001994133
4.83153891563
4.78990316391
4.77389979362
4.7072789669
4.77557611465
4.73961997032
4.74863004684
4.90350413322
4.82139611244
4.86984610558
4.76157402992
4.8764591217
4.73807692528
4.86903810501
4.73009300232
4.68805718422
4.71754717827
4.77964687347
4.88131308556
4.69649815559
4.75371599197
4.74618816376
4.75038909912
4.71141815186
4.68682694435
4.85271716118
4.76236009598
4.66501712799
4.84950900078
4.66571998596
4.82521295547
4.84342002869
4.85433292389
4.77622509003
4.84540390968
4.84440088272
4.73347306252
4.85146999359
4.90103602409
4.76704907417
4.66357493401
4.74289298058
4.7832069397
4.93254303932
4.75802397728
4.69398713112
5.0647289753
4.77605986595
4.87728905678
4.70397090912
4.73748207092
4.7032160759
4.71836495399
4.71665692329
4.76094198227
4.75908899307
4.8338599205
4.8284778595
4.79422998428
4.75842404366
4.70667910576
4.79574394226
4.62374305725
4.75555610657
4.71599888802
4.83521699905
4.82306599617
4.70658302307
4.76458501816
4.69444799423
4.76865720749
4.69441699982
4.75499105453
4.92372012138
4.8480899334
5.37948203087
4.77405285835
4.7767021656
4.69913291931
4.7288210392
4.76689505577
4.71297287941
4.84127902985
4.87915420532
4.76540493965
4.85686516762
4.70404696465
4.88242816925
4.6708009243
4.72618103027
4.73148584366
4.8019092083
4.76320385933
4.71635222435
4.72176790237
4.74526906013
4.80024385452
4.71808481216
4.82042789459
4.78162479401
4.71914410591
4.85014414787
4.7374830246
4.86580705643
4.70028209686
4.73696780205
4.75072407722
4.67045783997
4.84895396233
4.80853700638
4.87364602089
4.79408979416
4.70090293884
4.76662707329
4.91843485832
4.70677113533
4.68629288673
4.8419380188
4.795181036
4.65840816498
4.74042701721
4.79697990417
4.7670519352
4.69976115227
4.76887392998
4.86542606354
4.78914213181
4.82014894485
4.86207079887
4.69434404373
4.73960590363
4.74102902412
4.67043995857
4.76035308838
4.78099894524
4.68573713303
4.71772313118
4.8027381897
4.71004605293
4.71401000023
4.75639081001
4.72420811653
4.78015589714
4.91417622566
4.83523011208
4.79210090637
4.72575187683
4.74382305145
4.71794104576
4.84090304375
5.14849901199
4.70435190201
4.7672328949
4.75955891609
4.78550004959
4.73654389381
4.83375096321
4.7138979435
4.67932915688
4.81934905052
4.80423593521
4.74223589897
4.84233021736
4.80212783813
4.72326803207
4.81847906113
4.80519413948
4.739123106
4.80129694939
4.76856517792
4.72758889198
4.69914293289
4.77138113976
4.72019410133
4.70832109451
4.79906988144
4.69417786598
4.81839108467
4.81070590019
4.72260904312
4.75429105759
4.81002807617
4.72068119049
4.76567316055
4.82655501366
4.71238493919
4.69384908676
4.85795402527
4.75878787041
4.79225611687
4.69547700882
4.85745692253
4.86045908928
4.84056282043
4.78141593933
4.81951498985
4.68769288063
4.77394104004
4.83630299568
4.84970211983
4.72286295891
4.83704400063
4.86355900764
4.79747509956
4.76493692398
4.71925711632
4.72370314598
4.77868390083
4.90734004974
4.86469888687
4.74838781357
4.72670793533
4.80299496651
4.76233410835
4.88010811806
4.85636401176
4.83728384972
4.76248288155
4.75980901718
4.78853297234
4.72470188141
4.87445497513
4.75717306137
4.56563591957
4.80174183846
4.79852819443
4.81556487083
4.83484911919
4.73685312271
4.73543596268
4.78700613976
4.82852387428
4.83913087845
4.68726491928
4.83639502525
4.63244891167
4.80118894577
4.74268698692
4.74407100677
4.82432794571
4.77118992805
4.80856013298
4.75949501991
4.80712604523
4.69010305405
4.79641509056
4.79790997505
4.8429210186
4.80257892609
4.73141598701
4.71177005768
4.8347671032
4.82700300217
4.79000711441
4.76070809364
4.77333903313
4.77143192291
4.6919169426
4.80972099304
4.68995499611
4.83190917969
4.71371102333
4.76461410522
4.78491210938
4.75380897522
4.80116009712
4.7902970314
4.72188806534
4.77610683441
4.69735503197
4.71980595589
4.8866519928
4.84839010239
4.71818995476
4.81064200401
4.84058785439
4.81651806831
4.81024885178
4.80112099648
4.75766396523
4.76566410065
4.79072999954
4.86979103088
4.78017807007
5.50413703918
4.78831410408
4.77222394943
4.73181605339
4.79662704468
4.79407715797
4.78645515442
4.86431503296
4.75631093979
4.74186611176
4.70076489449
4.66457104683
4.73116517067
4.65949082375
4.89402294159
4.76042604446
4.79187107086
4.78919291496
4.7343621254
4.6747610569
4.82141804695
4.80889296532
4.78018784523
4.71704602242
4.72388911247
4.66982913017
4.8771739006
4.75234889984
4.80760097504
4.82510399818
4.65685796738
4.7432050705
4.85798501968
4.80686688423
4.80686998367
4.75271010399
4.68273496628
4.8239428997
4.74878382683
4.81444692612
4.76209902763
4.6989979744
4.82110500336
5.48623299599
4.74870800972
4.777821064
4.76067304611
4.91174888611
4.775649786
4.80918002129
4.75573897362
4.73125314713
4.80914497375
4.83473992348
4.81361699104
4.80595898628
4.71049785614
4.83701205254
4.8008980751
4.76027297974
4.81426095963
4.80469679832
4.80801701546
4.79347300529
4.81140613556
4.7757089138
4.72092294693
4.80794095993
4.72440600395
4.72848582268
4.76277399063
4.76934599876
4.79100894928
4.77589011192
4.7842798233
4.81739401817
4.81004500389
4.8043680191
4.79638695717
4.7629160881
4.79635906219
4.69802188873
4.68443489075
4.66136693954
4.68787693977
4.75883889198
4.82882809639
4.7515399456
4.68072390556
4.80952501297
4.78703379631
4.73401594162
4.78745007515
4.71403503418
4.66665506363
4.75545597076
4.68471598625
4.71937799454
4.69751620293
4.78362393379
4.7790749073
4.92185688019
4.8624317646
4.94576907158
4.9630420208
4.89221787453
4.835324049
4.86474108696
4.89400696754
4.95643019676
4.89972400665
5.00749588013
4.85470604897
4.94445800781
4.77952694893
4.95422005653
4.92208099365
4.91951489449
4.91899108887
4.88072419167
4.94504404068
4.81854081154
4.81066608429
4.8637778759
4.93678212166
4.73981785774
4.96600794792
4.67150688171
4.65761017799
4.71525406837
4.77688503265
4.70365595818
4.72366786003
4.76775097847
4.79198408127
4.76988101006
4.74953794479
4.699229002
4.70050001144
4.72730612755
4.83427286148
4.73142790794
4.76476502419
4.80118203163
4.7566640377
4.86365318298
4.88996219635
4.95762109756
4.94973993301
4.78434896469
4.9230401516
4.82552409172
4.86437082291
4.8255610466
4.83405613899
4.77164888382
4.76300597191
4.83500695229
4.81987214088
4.7842400074
4.75182294846
4.82415008545
4.84264993668
4.77699804306
4.80438995361
5.04290795326
4.76881599426
4.67306995392
4.85201716423
4.82896089554
4.74426794052
4.81704688072
4.74010586739
4.81190109253
4.88708591461
4.8305850029
4.75316405296
4.7628839016
4.74104499817
4.78981399536
4.81426095963
4.72429585457
4.78531122208
4.83809995651
4.70160484314
4.79301595688
4.70869708061
4.80389595032
4.77322983742
4.74150395393
4.693379879
4.79607915878
4.72238492966
4.77247309685
4.7988319397
4.77548599243
4.80590796471
4.73482608795
4.73910784721
4.89890193939
4.87094497681
4.78383994102
4.76364898682
4.67800498009
4.79725408554
4.80905795097
4.77969694138
4.74040794373
5.01051998138
4.80670189857
4.73277401924
4.71101498604
4.73504185677
4.78822994232
4.70609807968
4.83559513092
4.75496292114
4.77025604248
4.7003018856
4.67495107651
4.72261786461
4.72814702988
4.69109916687
4.78938603401
4.7441239357
5.00508308411
4.84614300728
4.78462505341
4.81072688103
4.91989707947
4.76828718185
4.77439904213
4.75920081139
4.69737005234
4.83318305016
4.87668704987
4.81578087807
4.81604003906
4.77136397362
4.79605293274
4.81070184708
4.77336287498
4.71272492409
4.67578697205
4.75949597359
4.83632016182
4.75816106796
4.79983115196
4.81561398506
4.7680850029
4.74179410934
4.73529911041
4.74673199654
4.7564330101
4.76580405235
4.78875303268
4.78614211082
4.72781801224
4.77931189537
4.78221487999
4.76988196373
4.76154994965
4.72115898132
4.81458711624
4.76058888435
5.31201601028
4.88606405258
4.74132013321
4.74213504791
4.7782459259
4.77229499817
4.77500605583
4.71808004379
4.82767701149
5.34225511551
4.69167900085
4.69699716568
4.70738506317
4.80651283264
4.77903079987
4.75557112694
4.69221305847
4.75466895103
4.72449588776
4.75165295601
5.02832388878
4.81761097908
4.77641201019
4.8851890564
4.7367169857
4.72382593155
4.76924109459
4.77474403381
4.79322504997
4.71111822128
4.70837306976
4.78676891327
4.80064296722
4.81102991104
4.76308393478
4.71175289154
4.8179628849
4.86293792725
4.75231409073
4.82357811928
4.79515814781
4.79945206642
5.29435586929
4.7985830307
4.7956340313
4.7883450985
4.86285114288
4.75215387344
4.8481400013
4.81790018082
4.58577108383
4.84569001198
4.76063084602
4.81183290482
4.73355412483
4.89540100098
4.88707780838
4.83261799812
4.77590703964
4.78994202614
4.82736706734
4.84247994423
4.84903407097
4.80384588242
4.77382087708
4.81014704704
4.84343194962
4.9081530571
4.7918279171
5.09659218788
5.07311177254
4.79195904732
4.77115702629
4.7157831192
4.81531715393
4.86591100693
4.77070713043
4.87076210976
4.86796998978
4.69168496132
4.75908899307
4.82558703423
4.76342892647
4.71240496635
4.82265377045
4.73777508736
4.80747795105
5.25084209442
4.75091099739
4.74683499336
4.74612092972
4.78052997589
4.79485917091
4.74306416512
4.93667984009
4.77976489067
4.93938398361
4.91809415817
5.02585506439
4.93198394775
4.95882797241
4.92629504204
4.91323304176
4.90752196312
4.87311410904
4.94357299805
4.95176196098
4.99635791779
4.99181079865
4.95056700706
5.05882406235
5.0583460331
5.04359984398
4.93715310097
4.98244786263
4.9235599041
5.01062202454
5.0692179203
5.09749507904
5.07516694069
5.01112389565
4.92992711067
4.93055176735
5.0437400341
4.99743890762
5.31117105484
5.42352294922
5.02084207535
5.07822799683
4.94267988205
4.91017699242
4.96592712402
4.92711400986
4.89612197876
5.12209486961
5.01049613953
4.96842885017
5.03165411949
5.01536202431
5.07827782631
5.00824308395
4.9764649868
5.2664949894
4.96974802017
4.97266793251
5.18974018097
4.68132686615
4.87737298012
4.89323019981
4.91308903694
4.91938614845
4.92179012299
4.88249492645
4.78224396706
4.82963085175
4.90149092674
4.8538441658
5.00036501884
4.99684691429
5.11182498932
4.91168093681
4.90865492821
4.85933017731
4.90158700943
4.91157603264
4.90931010246
5.47853899002
4.93499803543
4.92883300781
4.74068284035
5.2938079834
5.4049448967
4.92156195641
4.90411496162
5.03816795349
4.9990978241
4.91340780258
4.80947589874
4.91634202003
4.89947485924
4.94783902168
4.8325150013
4.897108078
4.94097399712
4.93348789215
4.9114408493
4.89699792862
5.3079059124
4.64825606346
4.90801310539
4.94391298294
4.89237499237
4.8867251873
4.8662071228
4.7894859314
4.89839792252
4.91321516037
4.90002393723
4.96449899673
4.95278096199
4.91980409622
4.87284302711
4.90560317039
4.82932686806
4.94188189507
4.99382519722
4.89356422424
4.93125391006
4.92072606087
4.90547418594
4.94156384468
4.9040620327
4.94431185722
4.8543279171
4.88192892075
4.93960499763
4.88397908211
4.86900997162
4.85015797615
4.89598298073
4.8873398304
4.85842895508
4.86268997192
4.84962105751
4.92337203026
4.92864203453
4.87148404121
4.93445801735
4.8667140007
4.83389806747
4.89119291306
4.84239578247
4.89094185829
4.86829900742
4.91241908073
4.88083815575
4.88784384727
4.96005415916
4.91188001633
4.7576880455
4.92382192612
4.93212509155
4.95604109764
4.83873414993
4.90244984627
4.91204309464
4.86330008507
4.84088301659
4.85218715668
4.89404392242
4.91250801086
4.883466959
5.00697493553
4.91964697838
4.95769309998
4.90626192093
4.88241100311
4.88148999214
4.88702201843
4.88974809647
4.84333300591
4.91456699371
4.94496917725
4.88726687431
4.86323785782
4.94767403603
4.88368391991
4.88745999336
4.76381397247
4.86246085167
4.87069296837
4.9071969986
4.91750717163
4.96372485161
4.98156189919
4.94723296165
4.87378883362
4.87110614777
5.00161099434
4.87402510643
5.0273809433
4.98026299477
4.91716504097
4.92009186745
4.94707798958
4.92939996719
4.88152599335
4.89287304878
4.87733006477
4.90351080894
4.92520904541
4.93660187721
4.87880992889
4.89967107773
4.84717512131
4.9658870697
5.02258086205
4.98647093773
4.93470001221
4.97693991661
4.95282793045
4.87968802452
4.92370796204
5.02049708366
4.79023694992
4.96323609352
4.9672961235
4.84961700439
4.89318299294
4.77181720734
4.99073314667
4.93887996674
4.80009579659
4.9170820713
4.92533707619
4.9442679882
4.91071987152
4.88601016998
4.93891310692
4.95855998993
4.95121192932
4.8030860424
5.20581698418
4.85739016533
4.83152508736
4.90062689781
4.96573996544
4.94823503494
4.91154694557
5.17321109772
4.97392416
4.86629700661
4.80990409851
4.93435287476
4.77484107018
4.90514111519
4.96637415886
5.00355100632
4.98824810982
4.95338106155
4.9378721714
5.29932403564
4.98982095718
5.24798893929
4.87963700294
5.01133012772
4.99527096748
4.87296700478
5.01321697235
4.79744005203
4.94337296486
4.98808097839
4.90153312683
4.92370581627
4.95238900185
5.36584496498
5.05578398705
4.95925188065
4.99563407898
4.92877101898
4.84716796875
4.97472405434
4.81922602654
4.8548169136
4.83965301514
4.92948389053
4.91685605049
4.90832901001
4.98380112648
4.90393805504
4.9328751564
4.88364315033
4.91516089439
4.93546485901
4.93816900253
5.01271605492
4.97650003433
4.93619990349
5.0133960247
4.88753819466
4.96360301971
4.92409110069
4.99430990219
4.96930599213
4.87137913704
4.91241407394
4.80726695061
4.98192405701
4.91284012794
4.85906505585
4.94524502754
4.92985796928
4.93009519577
4.96609592438
4.92471194267
4.87135505676
4.90377306938
4.9196369648
4.8718380928
4.98105692863
5.13236379623
4.84315299988
4.94442605972
4.95153999329
4.88572692871
4.94468808174
4.9347140789
4.94246411324
4.73133015633
4.92009305954
4.93068981171
4.74279284477
4.88753414154
5.09303092957
4.94763302803
4.9098470211
4.95981407166
4.95419716835
4.89493989944
4.94378304482
4.91861605644
4.90645599365
4.93593502045
5.00247597694
4.90977501869
4.94072794914
4.93357419968
4.96194791794
4.90649390221
4.96272516251
5.02977085114
4.88556003571
5.00022101402
4.8887898922
4.92805099487
5.01036500931
4.96225500107
4.88510298729
4.89898991585
4.97212100029
4.94319796562
4.92043089867
4.90188717842
4.89032506943
4.94612503052
4.83955192566
4.98458504677
4.900151968
4.90427112579
4.90090799332
4.96012806892
4.95710301399
4.88229012489
4.98040795326
4.89169478416
4.89888691902
4.94201803207
4.93268609047
4.96595692635
4.9324131012
4.91280698776
4.91611289978
4.92040801048
4.9342110157
4.89015889168
4.92995691299
4.86998295784
4.9252409935
4.93521904945
4.95615506172
4.99280500412
4.86818194389
4.97103118896
4.89669513702
4.90266680717
4.89088392258
4.90096902847
4.91396713257
4.97211289406
4.91020512581
4.97711896896
4.94643712044
4.92096614838
4.91418290138
4.93632292747
4.99815392494
4.82012987137
4.76638293266
4.92468309402
4.89549779892
4.89919400215
5.039965868
5.01063203812
5.00602698326
4.98094701767
5.02906107903
4.94062209129
5.00903296471
4.95880293846
4.90359807014
4.987803936
4.91376304626
4.97649598122
4.97487783432
5.009578228
5.0123090744
4.95546483994
4.98244404793
4.96200203896
4.99425005913
4.97567009926
4.93713402748
5.03623580933
4.99780988693
4.98148298264
4.94026994705
4.94294404984
4.97280406952
5.04599618912
5.00075387955
4.94967603683
4.92199802399
4.93216013908
4.95034503937
4.9959769249
5.06013798714
4.92179083824
5.02128601074
4.98751711845
4.89842295647
5.07960915565
5.00208306313
4.98452401161
4.98734712601
5.03077793121
4.97528791428
4.97499680519
4.97381997108
5.01896905899
4.97875499725
4.92805218697
4.9093940258
5.01671409607
4.95929718018
4.95195794106
4.91852998734
4.97033596039
4.9421210289
4.92076277733
4.89761805534
4.92887187004
4.90881800652
4.94763612747
5.12030911446
4.92966008186
4.93821001053
4.97293901443
4.99431705475
4.92987012863
5.06991100311
4.93463802338
4.98699593544
4.95899391174
4.92622208595
4.9522330761
5.01885414124
5.01903605461
4.93193697929
4.96397209167
4.94415593147
4.96258115768
5.03375101089
5.03000092506
4.96797800064
4.95662903786
4.96317791939
5.01754498482
5.07294988632
5.02203202248
5.10790896416
5.02733683586
4.96076202393
5.14493393898
5.00664591789
5.06546092033
5.08970999718
5.10182905197
5.11310696602
5.14763379097
5.08394598961
5.10300993919
5.02382302284
5.19682192802
5.1096508503
5.00620794296
5.12021589279
5.19051480293
5.13353800774
5.04811811447
5.08836889267
5.16406202316
5.03810882568
5.0393140316
5.05907607079
5.0511739254
5.07705402374
5.06362009048
5.02294993401
5.03077483177
4.97992897034
5.07873392105
5.10752797127
5.10850191116
4.93707704544
4.97151303291
5.05970811844
5.06458210945
5.19832205772
5.09200191498
5.08462786674
5.04637694359
4.97011804581
5.22822403908
5.12570810318
5.02417993546
5.11965107918
5.08947896957
5.07866811752
5.05242800713
4.97335004807
5.02914905548
5.29269814491
5.06237387657
5.12222099304
5.0777220726
5.09379506111
5.06458902359
5.10528802872
5.07668805122
5.00921010971
5.11739611626
5.03716015816
5.12090086937
5.13615918159
5.05492901802
5.04634213448
5.05939698219
5.07685399055
5.01697301865
5.1463060379
5.0120780468
5.15855884552
5.02628397942
5.0423810482
5.08555483818
5.11677789688
5.0979719162
5.10191893578
5.08358716965
4.99976086617
5.0045940876
4.943805933
5.0858900547
5.02485013008
4.92614984512
5.00835418701
4.97282004356
4.95101594925
5.05473184586
5.0978910923
5.06983017921
4.93306398392
5.03908610344
5.0554189682
5.00120806694
5.10570001602
5.07606005669
5.11383199692
5.07877206802
5.15309691429
5.05151414871
4.95952105522
4.95311808586
4.93113493919
4.95248889923
5.11620616913
4.96629595757
4.96538496017
4.99161815643
5.03027296066
5.04297018051
4.98359513283
4.99271011353
5.03974890709
4.97562217712
4.95549201965
4.98152589798
4.93735599518
5.00563001633
4.98141217232
4.90620303154
5.00345492363
5.00482201576
5.07825899124
5.04012107849
5.03919696808
5.12274980545
5.11173200607
5.07839393616
5.06852006912
5.06536912918
5.1032948494
5.02554392815
4.99332404137
5.03847694397
5.06653809547
5.06884908676
5.10543608665
5.07843589783
5.15774488449
5.12029314041
5.09665179253
5.16213512421
5.14446401596
5.13396215439
5.09001398087
5.07577586174
5.08329582214
5.1074488163
5.07211494446
5.06144118309
5.15756106377
5.17404794693
5.03220200539
5.02034497261
5.00553202629
5.06451916695
5.10467815399
4.99211001396
4.88582611084
4.91981291771
5.00386881828
4.96243309975
4.99556612968
5.02855420113
5.0196928978
4.9383020401
5.00075602531
5.00691580772
5.04804682732
4.95947599411
5.01147794724
4.93604111671
4.99508595467
4.92877602577
4.93074202538
5.02771997452
4.99013590813
4.96257019043
4.96719288826
5.0191590786
5.05262899399
4.95518302917
5.0963280201
5.00884604454
4.96831893921
5.02315211296
4.98523306847
4.99358010292
5.04128098488
4.9871609211
5.05487799644
5.00420093536
5.01810693741
4.95537519455
4.9571480751
4.97674512863
5.05974602699
5.02051210403
4.93864583969
4.97334098816
5.00334000587
5.08810997009
5.00494790077
4.97916102409
4.93421316147
4.99293804169
4.85068702698
4.9509999752
4.97043204308
4.99225306511
5.05037903786
5.06390810013
5.03614807129
4.93674993515
4.98188090324
4.98809695244
5.02441215515
4.96147704124
5.04476189613
5.0263068676
5.01478695869
4.94197702408
4.9391348362
4.96827793121
4.98852205276
5.07967209816
5.25387001038
5.05200815201
4.95068192482
5.00505685806
5.01839613914
4.97938489914
5.00779390335
5.11105799675
5.03167796135
4.95034599304
5.01406908035
5.02817320824
4.92359805107
4.9390771389
4.93176198006
5.0651550293
5.06886196136
5.04303884506
5.00943398476
5.04205083847
4.98250389099
4.98894405365
5.27739810944
5.10024189949
5.00071811676
5.10447788239
5.08576893806
5.0925848484
5.07393503189
5.00281095505
5.05213904381
5.00010681152
5.13108706474
5.00809907913
5.08753108978
5.04792404175
5.03555488586
5.03161597252
5.02392101288
5.01058483124
5.01306200027
5.11803603172
5.09451699257
5.16290807724
5.03904795647
5.02287888527
5.04498004913
5.02399802208
5.03982400894
4.98412322998
4.98261404037
5.0331659317
4.99381995201
5.09418511391
5.08710002899
5.04479002953
5.07531309128
5.02191090584
5.06097412109
5.11010503769
5.04224014282
5.07627391815
5.11533999443
5.219176054
5.22288894653
4.93313407898
5.07513594627
4.95807814598
5.04676103592
5.08457398415
5.09569382668
5.0015130043
5.06844305992
5.01066493988
4.98576307297
4.99962806702
5.06942486763
4.9612429142
5.07092690468
5.10055303574
5.16541695595
5.18878102303
5.1293990612
5.14037895203
5.12834906578
5.04000902176
5.0834300518
5.02003383636
5.11043906212
5.11313509941
5.01332807541
5.25803613663
5.10081005096
5.08105993271
5.10489106178
5.01695084572
4.94891214371
5.04411315918
4.88798213005
4.98644304276
5.10905504227
5.0385260582
5.03524804115
4.97391700745
5.02472090721
5.08326506615
5.08453822136
5.11257314682
4.90313410759
4.96727013588
5.0183069706
4.99627304077
4.74400901794
5.00822901726
5.03117489815
5.02869391441
5.0476808548
5.03111600876
5.00804114342
5.07662200928
4.99666118622
5.07136583328
5.00179100037
4.99118518829
5.00676989555
5.00953602791
5.1193420887
5.03110313416
5.02054190636
5.06383991241
5.00361394882
4.93662786484
5.01695179939
5.03181600571
5.10522794724
5.08017611504
5.08666205406
5.13717699051
4.97293591499
5.09900403023
5.03371286392
5.0401570797
5.03130602837
4.99174308777
5.04398298264
5.04833292961
5.01601600647
4.99457097054
5.02183485031
5.05750918388
5.074229002
5.05103683472
4.9176428318
5.02831101418
5.09241318703
4.99903297424
5.00285387039
5.10339784622
5.03207683563
5.021889925
5.00325393677
5.07674717903
5.04783701897
5.04832315445
5.24627184868
4.96180987358
5.03142380714
5.0046172142
5.01426506042
4.9870429039
5.11834096909
4.92093706131
5.02674603462
4.90831112862
5.11792683601
5.00768589973
5.05930280685
5.07699799538
5.58862304688
5.14559221268
5.011302948
4.83263707161
5.13053202629
4.98055315018
5.09634900093
5.03161597252
4.96356391907
5.08698916435
5.05433177948
5.20618796349
5.0775539875
5.12757110596
5.11437892914
5.10384702682
5.03976297379
5.10563707352
4.9710650444
5.04981589317
5.07283091545
4.71703600883
5.04585790634
5.05660009384
4.80176687241
4.87964606285
5.02830481529
5.07564306259
5.06106901169
5.12186098099
5.08732414246
5.12511897087
5.10447907448
5.0864610672
4.77713608742
5.03319215775
5.05044388771
5.0350830555
5.03021502495
5.50163602829
5.07685184479
5.08705306053
5.16951084137
5.10679602623
4.88903999329
4.82595801353
5.14014601707
4.87760996819
5.20090794563
4.91337394714
5.10864114761
5.06691789627
5.10234904289
4.79851102829
5.46368503571
5.05915307999
5.08133411407
4.99317502975
5.06203007698
5.14431381226
5.13684105873
5.16264104843
5.074436903
5.07745504379
4.84772491455
5.09988999367
5.22101211548
5.09175419807
5.10665917397
5.08043408394
4.97381687164
5.10699701309
5.08758115768
5.17888903618
5.09328484535
5.27096986771
5.09234690666
5.19054293633
5.15802001953
5.04533600807
5.06472611427
5.07133412361
8.61973905563
5.15555596352
4.91564083099
5.12419390678
5.32115221024
4.96066498756
8.81856989861
5.50487709045
8.98420095444
9.00855088234
8.90493202209
8.79610395432
5.17966508865
9.19530296326
7.83484005928
5.73147296906
5.6412820816
8.67697000504
8.42676496506
8.60637497902
6.05249190331
8.84296107292
9.01451086998
8.36974096298
8.79619407654
6.48444700241
9.11710906029
9.10575699806
8.55793690681
5.55888915062
8.7390999794
8.36435508728
8.10522389412
8.75277805328
8.57314586639
8.27214097977
8.54958510399
8.73584198952
8.94096183777
8.12912797928
8.8532500267
8.49314498901
9.04800987244
5.38486289978
8.52525782585
8.11086416245
8.39143610001
5.04188299179
5.50982308388
8.60263705254
8.38227200508
8.50572991371
5.55255389214
8.76014614105
9.10071897507
9.32727003098
5.52328300476
5.30828404427
5.08000898361
5.2720489502
8.43188118935
9.0588760376
8.37716889381
8.79306507111
8.28639602661
5.67642688751
6.47150802612
7.87515902519
7.50238108635
8.21422505379
6.60147714615
9.1788008213
9.9606359005
8.35735106468
8.5708990097
7.39969611168
8.96209096909
8.97539305687
7.66227293015
8.04729700089
7.51742887497
7.41523814201
8.19087195396
10.4129209518
8.41945195198
7.38151812553
8.29703187943
8.25632286072
5.45984315872
5.84829711914
5.86163806915
5.73784995079
6.0135140419
5.97933912277
8.34801411629
8.77089095116
7.81497001648
7.1419570446
8.16083097458
7.14422106743
7.40827393532
7.23775196075
7.12275791168
7.42790699005
6.48424506187
6.3357360363
7.25192403793
7.3523979187
5.84058308601
7.76863002777
7.30550789833
7.11140489578
7.283411026
7.56509780884
8.09708881378
6.02003908157
8.39079999924
8.37833499908
8.49354314804
5.74114489555
7.53998780251
8.54614210129
7.0394859314
5.8899140358
7.35104107857
7.76735901833
7.30483484268
7.2806520462
7.39958190918
5.96148586273
6.85266399384
7.50133800507
7.48304390907
6.91251206398
5.90648412704
7.95589804649
7.38341712952
6.85071086884
7.5950949192
5.8063249588
7.26848888397
5.91583800316
6.97923517227
7.02749204636
5.8560128212
6.70229196548
7.20783805847
7.73048591614
8.61668419838
7.57203483582
8.91681098938
7.58235812187
8.25828099251
7.67844390869
8.4891808033
9.31639099121
7.87792801857
8.18895196915
9.8141310215
9.02399897575
9.44945716858
8.72973799706
7.2385327816
7.5928800106
6.68738985062
6.54931712151
8.58776211739
9.31831789017
7.25392198563
8.13332700729
7.49948811531
10.1042811871
6.88883209229
7.64535284042
7.53930091858
9.6515212059
7.43735980988
7.26657581329
10.2107770443
9.89011597633
9.64959001541
9.52309203148
9.59446597099
9.30075597763
9.48487091064
10.2253918648
10.5329208374
7.0323009491
10.6378369331
10.3421700001
9.94191598892
10.963643074
8.177973032
6.46994495392
6.56442284584
9.70434403419
9.49506998062
9.40259504318
9.6085588932
9.18887281418
9.13824796677
5.94174003601
5.88949799538
9.837444067
9.34987401962
5.76306891441
9.38066601753
9.18126392365
9.37117481232
9.95249700546
9.42560100555
9.67851996422
6.68213009834
6.23544096947
9.7267768383
6.03940010071
9.57889819145
9.1965880394
6.3281519413
5.87724089622
10.1066708565
9.58152508736
9.45068311691
9.40994811058
9.43125605583
9.57216596603
5.80060601234
10.10476017
9.79119706154
6.12243890762
5.79091310501
9.30837893486
7.03765201569
7.16744112968
6.69726395607
9.65152382851
7.0133960247
7.37029695511
6.42004394531
6.17460107803
9.32449698448
9.62549805641
9.23722505569
9.26285099983
9.58045101166
9.57138109207
5.66933584213
6.74361801147
11.2752659321
9.68905091286
5.49296092987
9.28940415382
9.50685882568
5.7248609066
5.84788894653
6.07241606712
6.60863995552
5.79820799828
9.75267314911
9.91787600517
9.68041300774
5.75067806244
5.63907194138
6.80218601227
5.72339105606
9.70366406441
9.91444420815
9.57613515854
9.07047891617
10.4095671177
9.39418292046
9.23476004601
9.50194215775
9.49111104012
9.46436810493
9.36812591553
9.34687995911
6.04482388496
9.92431402206
9.30490708351
9.47500610352
5.44999909401
9.68063306808
5.56547808647
9.32814598083
8.95405888557
9.21369409561
9.13223099709
8.91254615784
9.4185590744
9.17809820175
9.66790795326
9.64767503738
5.65023088455
6.23697090149
6.03738999367
10.0690889359
6.01533794403
9.20557904243
8.78933906555
10.7688379288
10.2753219604
6.46838498116
5.55902791023
5.34149813652
7.924888134
5.3555598259
8.41761183739
5.41139006615
5.21046209335
5.35918593407
6.37746500969
7.22063612938
6.08511710167
5.30660796165
5.21071791649
5.30169296265
5.42523908615
5.97947192192
5.51042485237
6.31348609924
6.27451515198
5.35552191734
5.40613293648
5.34012508392
5.52200603485
5.44527888298
5.92334794998
6.11730504036
5.67798280716
5.36144018173
5.69370102882
5.24131393433
5.2881231308
6.19962692261
5.3502240181
5.323387146
5.30837392807
5.37639117241
5.3880879879
5.3208861351
5.4759812355
6.48337006569
5.45050907135
5.45013308525
6.25888895988
5.38287401199
6.13974094391
5.26236009598
5.42141294479
5.34642601013
6.62413311005
6.22020506859
5.30018496513
5.30736804008
5.35033988953
6.59007906914
5.27984905243
5.3218460083
6.46083688736
5.28597807884
5.41297888756
6.92066812515
5.25858402252
5.51981592178
5.39575886726
5.43482208252
5.373306036
5.24806809425
5.50191402435
5.6501531601
5.44059276581
5.38866400719
5.35676908493
6.31053996086
5.4783949852
6.03376793861
6.687292099
6.49477696419
5.2962372303
5.36681294441
5.36866021156
6.62935590744
5.37612605095
6.81099820137
5.35221600533
5.28956794739
5.71351313591
5.35232305527
5.28822088242
5.33263802528
5.43696689606
5.38830780983
5.45465087891
5.44292902946
5.29654812813
5.42280602455
6.40015602112
5.42077517509
5.46307587624
6.80017709732
6.2288980484
5.31966304779
5.34231996536
6.4580039978
6.88297796249
6.41929197311
5.78881192207
5.32038092613
6.26508903503
5.21780991554
5.27707409859
5.27653408051
5.4300301075
5.32766318321
5.31940603256
5.43470597267
5.27185201645
5.44285297394
5.30544710159
6.16997003555
6.1998231411
5.41381692886
5.4095261097
5.37404704094
5.40062499046
5.41285705566
5.28903698921
6.09746003151
5.25848507881
5.39302611351
5.66140890121
5.341766119
6.44062399864
5.39004898071
5.28938984871
6.66996502876
5.43118906021
5.5636548996
5.2811050415
5.41916513443
5.48517513275
5.38062286377
5.45234394073
5.4107260704
6.57135796547
5.34464287758
6.58538198471
6.1560997963
5.40688180923
6.50346899033
5.36464595795
5.59704685211
5.38688397408
5.35071182251
5.42263579369
5.31135797501
5.33370113373
5.33788895607
5.59981107712
5.33193302155
5.3292491436
5.36532092094
5.40662002563
5.36449790001
5.47984600067
5.60741615295
5.35416197777
5.399725914
5.22899508476
5.52862715721
5.30836701393
5.51252484322
5.963078022
5.3863401413
5.44014906883
5.35187101364
6.09439301491
5.43002295494
5.37412285805
5.53496193886
5.45548796654
6.74086880684
5.49462890625
6.37050390244
6.0784869194
7.39544510841
5.47077298164
5.48473000526
6.55674386024
5.41960096359
5.42246890068
7.06303095818
5.34831094742
5.54375505447
5.36772203445
5.34366989136
6.00324392319
6.86647796631
5.38260507584
5.34334206581
6.42900300026
5.34272503853
5.82763719559
5.37212991714
5.46312403679
6.10343790054
5.66066479683
6.56042098999
9.73467206955
5.61692595482
6.91663599014
7.71722698212
6.72569680214
5.45392513275
5.23175621033
5.2785320282
5.79944992065
6.69057703018
5.36214399338
5.40394902229
6.06515002251
9.66812396049
5.41338706017
5.31956195831
5.4052901268
5.37641501427
6.21322202682
5.26452803612
5.42104005814
5.2986369133
5.4522550106
5.39214611053
5.31061005592
5.43888092041
6.52316784859
4.81580901146
5.35243201256
5.31982493401
6.16796898842
5.31380605698
5.45362520218
5.2858748436
5.39250397682
5.45254993439
5.4764289856
5.47801303864
6.90298914909
5.3637778759
5.33955788612
5.29881811142
5.29897713661
5.28997015953
5.41392588615
5.30987405777
5.5243909359
5.48528409004
6.63881587982
5.3792719841
5.36009812355
9.26190495491
6.78808498383
6.90757489204
5.31275105476
6.92231082916
5.32628393173
5.76027607918
5.9293179512
5.43592095375
8.91096711159
5.38963794708
5.36155295372
5.34515213966
5.40885996819
5.34649395943
6.33963394165
5.27552294731
5.34216189384
5.3605659008
5.29241299629
5.40421199799
5.27875494957
5.36458277702
5.47901511192
5.40826892853
5.26792597771
5.30880904198
5.3388941288
5.34637403488
5.4990568161
5.36825108528
5.28092288971
5.41307210922
5.34293889999
5.37862181664
5.32882213593
5.37144899368
6.08386802673
5.27814793587
5.32934689522
5.37485194206
5.29043102264
5.35462713242
5.32596111298
5.75253105164
5.31161594391
5.35112190247
5.2882130146
5.32679080963
6.86924982071
5.41173481941
5.38414597511
5.66908597946
5.30997395515
7.13075399399
9.86056399345
9.29229593277
9.30512499809
6.1078441143
5.31618094444
5.41430401802
5.33623480797
5.34402298927
5.29475998878
5.34830403328
5.7444460392
5.49981498718
5.36417198181
5.37993788719
5.44943785667
5.26770615578
5.42384505272
5.31400799751
5.40430593491
5.36979699135
5.33369708061
5.64650988579
5.39043307304
5.42750000954
5.40430593491
5.18094587326
5.42993402481
5.33222293854
5.30973505974
5.39020514488
5.29020309448
5.29469299316
5.42766284943
5.40646004677
5.2912800312
5.32290410995
5.36774611473
5.32260704041
10.6501779556
9.34406900406
5.37312102318
5.59109997749
5.33487606049
5.29043912888
5.39911293983
5.29068303108
5.39288783073
5.18084001541
5.36209487915
5.34517598152
5.23446798325
5.20311808586
5.21174788475
5.45888781548
5.16888809204
5.24517202377
5.15913319588
5.27271485329
5.41206502914
5.47335910797
5.23920583725
5.18880987167
5.43855500221
5.23439502716
5.32040309906
5.4082300663
5.35281991959
5.3296790123
5.1828019619
5.28230690956
5.39375090599
5.62446880341
5.42601490021
5.4361410141
5.27465701103
5.36262202263
5.40211486816
9.54009580612
5.3670399189
5.35725212097
5.31946396828
5.17290496826
5.164757967
5.35701584816
5.284968853
5.39152193069
5.37536001205
5.31313610077
5.35968399048
5.38422393799
5.41937303543
5.2372200489
5.32686305046
5.36242318153
5.47854304314
5.27861785889
5.43088793755
5.15871596336
6.63902997971
5.27947592735
5.32845497131
5.4348449707
5.24356102943
5.294298172
5.48509097099
5.23624396324
5.50150895119
6.55529594421
5.78940296173
5.36381411552
5.2592048645
5.33249092102
5.27887892723
5.33225297928
5.43220281601
5.30349707603
5.23315691948
5.26747512817
5.22947883606
5.28906798363
5.18444395065
5.38987278938
5.2818710804
5.24535107613
5.31674313545
5.30241012573
5.41656899452
5.21080303192
5.3811249733
5.39110207558
5.34001302719
5.35050702095
5.61470890045
5.40508008003
5.3348300457
5.32877802849
5.68904995918
5.431224823
5.45913910866
5.45476698875
5.2914659977
5.6504380703
5.44846582413
5.42479014397
5.37089109421
5.30491113663
5.29849410057
5.52613782883
5.17215681076
5.09523081779
5.187541008
5.16914415359
7.12486505508
5.42979097366
5.35849499702
5.23520803452
5.13147306442
5.14260911942
5.05823993683
5.5559630394
5.14268493652
5.28739500046
5.24103999138
5.12156391144
5.09473800659
5.36960697174
5.14313697815
4.97089385986
5.73196911812
4.97652506828
5.14326190948
5.1360309124
9.14992403984
5.09964704514
5.14877319336
4.97127795219
5.16153287888
6.28150892258
4.94760012627
5.22163796425
5.11587381363
5.02191591263
5.20544886589
5.06682085991
5.11059904099
5.19985389709
5.03733515739
5.20158314705
5.14793801308
5.15383386612
5.01049804688
5.19829702377
5.08494591713
5.10355401039
6.75080704689
5.19756698608
5.04849219322
5.10638999939
5.13689613342
5.21336507797
5.19746208191
5.29402399063
5.15724301338
5.2127840519
5.27331280708
5.18496394157
5.23194098473
5.39630699158
5.20834994316
5.26488304138
5.14463210106
5.37505292892
5.6702439785
7.76391482353
6.81698703766
5.3028459549
5.45230579376
6.84346818924
5.42931485176
5.3949110508
6.65541696548
6.89893698692
5.24279689789
5.28884005547
5.64433312416
5.43301391602
7.83551383018
5.45274496078
7.38277506828
6.75423908234
6.59216403961
6.63924479485
6.73433494568
6.7856221199
6.63919496536
7.03196287155
6.79629397392
7.10361409187
7.0001950264
6.80645298958
6.93872594833
6.85575294495
6.86469697952
6.90790700912
6.80790710449
6.96390390396
6.81430101395
6.90915799141
6.94654583931
6.85006594658
6.97861504555
6.86545705795
6.98635911942
6.75952005386
7.12564182281
6.75761818886
6.86365914345
6.69540715218
7.06419014931
6.93828010559
6.94092106819
7.04434704781
7.03987503052
7.06492710114
7.12546205521
6.99087095261
7.11549305916
5.1458799839
5.09420800209
6.65122795105
6.88185405731
7.04464006424
7.01104092598
6.86072182655
6.82822799683
7.09363603592
6.63077282906
6.90887284279
7.04300904274
6.86989808083
6.73519897461
7.02147817612
6.934664011
6.971555233
6.83167695999
6.90372395515
6.66743302345
5.211769104
6.68700098991
6.78481078148
6.86378002167
6.91305994987
6.80971693993
6.82946610451
7.05611991882
7.02638912201
6.73018789291
6.87719702721
6.95644283295
6.46506595612
6.64587402344
5.16954493523
6.54575204849
6.99961519241
6.81266498566
6.83147621155
7.02091789246
6.96016907692
6.96372103691
6.860683918
6.79193592072
7.10701322556
6.96130990982
6.87549614906
6.90613508224
6.95675587654
7.08167886734
6.93399310112
6.66682195663
6.94274687767
6.84944295883
7.09766101837
6.83325886726
6.93157696724
6.92139697075
6.83732295036
6.86444497108
7.01938891411
6.65447688103
6.91590380669
7.12492203712
6.71180295944
6.9724509716
6.87995290756
7.17498588562
6.86937499046
7.00038099289
7.14750599861
6.91241002083
7.21210098267
7.10463809967
6.79463911057
6.81595206261
6.83044695854
6.95089292526
6.97677993774
6.91923809052
6.92659783363
6.59977006912
6.87426185608
7.09077596664
6.95998501778
6.87119913101
6.97946715355
6.86981511116
6.73037290573
6.93414711952
6.82447504997
6.84541702271
6.87371492386
6.50458621979
6.7741549015
7.1189160347
6.93774294853
6.73816895485
6.60373187065
6.00918197632
6.76504588127
7.17383909225
7.07704520226
7.04301190376
6.82877182961
6.95525717735
8.81495285034
6.90137815475
6.94996190071
5.8918800354
6.79954600334
6.87416601181
6.66881799698
6.90857791901
7.04417705536
6.87646198273
6.89901804924
6.61131095886
6.95929694176
6.70763802528
6.65086317062
5.35100293159
5.32479214668
4.83967590332
7.83726596832
5.41244697571
7.04924106598
6.98775696754
7.02355599403
7.10274386406
7.16909718513
7.40749692917
7.374158144
6.94015908241
6.80735397339
7.86181306839
6.80381083488
7.45255088806
9.83646202087
7.76481699944
7.2315030098
6.90785598755
7.15053796768
6.9647898674
7.08310699463
6.98209095001
6.07742714882
7.0951859951
10.7876451015
10.8347229958
6.90316677094
7.62087202072
9.62401103973
8.69362998009
7.4798169136
6.68660593033
6.73268198967
6.90316295624
6.13713312149
7.0200650692
6.8214070797
6.90677404404
6.63744688034
6.78353714943
6.78003382683
6.46972298622
12.2459950447
6.92008304596
7.68178701401
7.2915430069
7.43197393417
6.56336212158
6.66206407547
6.7191529274
6.6574280262
6.43444681168
6.76784920692
6.78956890106
6.94466304779
6.88519215584
7.38457489014
6.5354180336
6.6440410614
6.24591588974
14.2964940071
5.76818990707
5.74177598953
12.6060400009
10.8300480843
6.87674093246
6.41653490067
9.96650695801
7.05671310425
7.23373293877
7.12077903748
7.25150799751
6.55648589134
7.29191708565
7.18147993088
10.4425830841
8.51058387756
8.26227092743
7.17202401161
7.20318102837
14.0187680721
7.33322715759
8.70346808434
14.1090900898
6.99660396576
8.24601912498
6.33028912544
6.71155500412
7.47476387024
7.0398888588
7.30900597572
7.6583199501
7.26484107971
6.81481289864
7.51053905487
7.43547677994
7.40682291985
7.04589819908
7.21800208092
7.02983593941
7.12678003311
7.27051901817
13.3282818794
9.64576506615
7.08885192871
7.03676199913
7.39865398407
7.36604309082
6.71283698082
8.4521420002
7.57284903526
7.55076098442
7.4654250145
7.48588681221
7.31897902489
7.54232907295
7.04849696159
6.35548901558
7.26908922195
5.98148012161
13.8866050243
13.6766769886
5.47029805183
7.2499859333
7.03797388077
7.44603085518
7.34453487396
5.56956505775
5.41081500053
7.27705693245
5.83714699745
7.45822000504
7.33377504349
7.11014914513
7.29050397873
7.29394698143
7.50832104683
7.65201020241
7.10803198814
7.06191492081
7.15375494957
7.29548406601
7.30864310265
7.41130685806
7.40256094933
7.19813299179
9.18005609512
11.8281190395
7.39393806458
7.15721607208
7.27259492874
7.30076289177
7.17874217033
7.09750199318
7.31448984146
7.41676712036
7.15811300278
7.50190711021
12.4469881058
6.97705602646
16.2334928513
13.5258789062
6.9408018589
7.45927095413
7.36453104019
6.83708691597
7.26901912689
7.36805796623
7.24849200249
7.33576488495
7.17317390442
6.96526408195
7.32787084579
7.32289004326
7.21482086182
7.45586490631
7.42677283287
11.1514949799
7.33513903618
6.88059616089
8.9999730587
7.39955401421
7.11538100243
7.10342097282
7.30031609535
6.75943994522
7.19059085846
7.24047899246
7.26645684242
7.08400297165
7.43878293037
7.29724192619
7.16928100586
10.1232681274
10.8666069508
10.8908388615
8.91971993446
7.17764902115
7.05889701843
7.02754306793
7.32137084007
6.8397269249
6.07130980492
7.03930997849
7.14963197708
7.16696476936
7.00385904312
7.11894416809
7.14937901497
7.08537793159
7.26681900024
7.14801716805
5.95338106155
7.16693496704
6.9952249527
6.86654806137
7.18487215042
7.19798994064
7.54125714302
7.27825307846
7.44957685471
7.19002008438
6.82918000221
7.31497001648
7.10842609406
6.71304988861
7.06188511848
6.92833399773
6.8675839901
6.86872005463
7.1407430172
7.02332806587
6.18886399269
7.32478094101
7.13107299805
8.78634405136
7.60265803337
7.16082000732
7.33730220795
7.09880805016
7.34428119659
7.3147559166
7.20344090462
7.16104698181
7.27547287941
6.65137720108
7.21122121811
6.60195016861
7.03649187088
6.98125195503
6.06403183937
7.20064806938
7.47862505913
7.63586091995
7.66956496239
7.35189199448
5.62680387497
7.11805009842
7.15793013573
7.15518903732
7.22551298141
7.21954989433
7.46616411209
7.00199580193
7.20194005966
6.98446512222
7.37382698059
6.8566968441
7.34305405617
7.51674199104
5.82305693626
7.44481492043
7.39930009842
7.07476782799
7.47131609917
7.17040610313
7.47748613358
11.1393129826
6.528028965
14.6542670727
6.903881073
6.97112607956
6.552090168
7.1530020237
6.9842569828
6.96340489388
7.15779185295
6.48480701447
6.95204806328
6.71211886406
6.673361063
6.96184110641
7.0786280632
7.02942609787
7.02676987648
6.05173397064
7.14354991913
6.72889399529
6.93033218384
7.07873988152
7.08133196831
7.07821416855
8.08228397369
6.85329699516
7.13433504105
7.05730700493
6.81583404541
6.87987208366
6.66159200668
6.73485398293
6.94769883156
6.80245614052
6.53877806664
6.84454202652
6.53194999695
6.75682616234
6.99896287918
6.13326191902
6.98632907867
6.90539097786
6.99751114845
6.74312710762
9.29533696175
6.98578810692
7.17539000511
7.00984597206
6.8142080307
6.87921118736
6.90701389313
6.71044898033
6.61763310432
7.76141190529
7.0064561367
6.99652600288
7.01881790161
6.91333889961
6.87070798874
7.77699303627
7.30444812775
7.41018009186
7.4845058918
7.55561685562
7.39493703842
7.58885002136
7.70956802368
7.80488991737
7.51459407806
7.70670604706
7.41167902946
7.71640491486
7.58309388161
7.2187268734
7.72082710266
7.7821149826
7.7109849453
7.40955805779
7.86964797974
7.50483202934
7.09973192215
7.80107879639
7.67351603508
7.8399310112
7.74951887131
7.59022593498
17.9987220764
7.35757684708
13.0176360607
7.86860895157
7.69795703888
7.89495110512
7.77250814438
7.57338905334
7.89861106873
7.88753008842
7.37587118149
7.64762687683
7.74610090256
7.63745212555
7.51399302483
7.7423517704
7.45213103294
7.5592751503
7.58708190918
7.6127538681
7.74083709717
7.56228995323
8.22767782211
9.35540390015
8.34318184853
7.85825204849
7.66950201988
7.68091082573
7.85040616989
7.67397809029
7.57230806351
7.82553386688
7.83394885063
7.49512004852
7.79952812195
7.65148091316
7.63749909401
7.31199002266
7.51262187958
6.72577905655
6.84776496887
7.76943397522
7.26117682457
7.72577691078
7.74379587173
7.75621294975
7.80451202393
7.6243698597
7.43108296394
7.63586306572
7.7752020359
7.72633600235
7.48201584816
7.71972608566
7.3073091507
7.52008485794
7.46369695663
7.63261389732
7.43586087227
7.72722387314
7.68664479256
7.66219806671
7.69003105164
7.66939711571
7.70753002167
7.24391317368
5.77884602547
7.14853191376
7.22704315186
7.51455497742
7.50156283379
7.79033493996
7.74357414246
7.85812401772
7.62196302414
6.00578308105
7.76341795921
7.69519901276
7.63856196404
7.80924415588
7.33127689362
7.56675100327
7.51447606087
7.75179100037
7.7596411705
7.65360498428
7.65391802788
7.82858705521
7.67945313454
7.68092107773
7.64517998695
7.40024018288
7.47561001778
7.40881490707
7.62563610077
7.5368680954
7.68178915977
7.21092796326
7.79016208649
7.73962497711
7.69581413269
7.53802514076
7.77357506752
7.49907398224
5.51655006409
7.59823799133
7.45354104042
7.70695996284
7.62110614777
7.69464993477
7.53735494614
7.42981386185
5.51589798927
7.71307086945
7.61106204987
7.70398402214
7.77479100227
7.41805315018
6.72783708572
7.52074813843
7.65074396133
7.32689905167
7.72673106194
7.74249601364
7.32225894928
7.45308208466
7.75963401794
7.52359318733
5.5626578331
7.31982898712
7.55568790436
7.86673498154
7.57000207901
7.70809102058
7.72951602936
7.50906896591
7.78124189377
7.79394197464
7.80254983902
7.51964306831
7.46783709526
7.6732749939
7.75524282455
7.12646007538
7.65892601013
7.59101295471
7.46785306931
7.49559116364
7.76328802109
7.71283483505
7.72483491898
7.80836200714
7.81092596054
7.70056891441
7.63749599457
7.37371993065
7.28852915764
7.77645397186
7.55066919327
7.43872499466
7.37463188171
7.34132385254
7.74810409546
7.6361041069
7.69515991211
7.64860606194
7.67485690117
7.4697508812
7.66101193428
7.37309598923
7.75474405289
7.60289597511
7.7956931591
7.71321606636
7.29617905617
7.57512497902
7.64104890823
7.49543499947
7.50967812538
7.60230612755
7.64377212524
7.6167910099
7.44841504097
7.29577708244
7.71060609818
7.50480699539
7.2592151165
5.86651802063
7.62932610512
7.55903291702
7.81983995438
7.77823901176
7.52909898758
7.56694483757
6.80525588989
7.1471850872
7.7413110733
7.72810697556
7.70681190491
7.54822206497
7.55009412766
7.77652096748
7.52339792252
7.6303589344
7.72576904297
7.44877290726
7.41321897507
6.84430193901
7.23563289642
7.52315497398
7.51647305489
7.69377493858
7.78616213799
7.73570585251
7.64724683762
7.78597211838
7.63259792328
7.65261316299
7.70286417007
7.71204996109
7.56448793411
7.6958360672
7.60323691368
7.56196784973
8.01230788231
7.88362193108
7.9150249958
6.65449595451
7.78532409668
7.43129706383
7.67301106453
7.46061897278
7.65836000443
7.80613994598
7.36709904671
7.74079012871
7.48010802269
7.62762713432
7.67920708656
7.74196195602
7.70614886284
7.63930702209
7.48844504356
7.58413100243
7.89167404175
6.8657040596
7.66653990746
7.78028106689
7.4998550415
7.58740115166
6.64489817619
7.66640615463
5.68380379677
7.68760204315
7.7586350441
7.70512604713
7.7017261982
7.6040661335
7.45791316032
7.73747205734
5.62363696098
5.94454479218
7.81352806091
7.615046978
7.48622608185
7.75560688972
7.83112096786
7.65227413177
7.46645879745
7.71340799332
7.46133780479
7.5198969841
8.02792096138
7.76565504074
7.87793493271
7.18750309944
7.41296410561
7.74937319756
7.44148206711
7.61437010765
7.38270497322
7.77418398857
7.81189799309
7.60079789162
7.77035713196
7.83454084396
5.58798503876
5.70766019821
7.60405611992
7.73655486107
7.43598198891
7.75844788551
7.48031997681
6.11144590378
7.46766781807
7.70733499527
7.66759586334
6.57668304443
7.89134311676
7.72006201744
7.51046085358
7.78910589218
7.75077104568
7.67365598679
7.70528793335
7.73912715912
7.59393000603
7.74973702431
7.74593806267
7.49707388878
7.5156519413
7.74804997444
7.54042601585
6.99202084541
7.69460701942
7.72668004036
7.73830008507
7.60139894485
7.57683205605
7.77598404884
7.58586120605
7.71606993675
5.66371011734
7.53579998016
7.54511213303
7.68673110008
7.73300814629
7.51450300217
7.53348898888
7.78501296043
7.56932091713
7.68966817856
7.44913911819
7.63079404831
7.60918283463
6.76739597321
7.7380259037
7.73102617264
7.70675396919
7.70266914368
5.64525318146
7.59015989304
5.68065690994
7.76915597916
7.71723103523
7.78245687485
7.64992690086
7.55786299706
7.61084890366
7.75828909874
7.51719594002
7.32426285744
7.4930870533
7.71827602386
7.73658514023
7.56143283844
7.64057803154
7.44977998734
7.56546998024
7.58783006668
7.76139116287
7.78333091736
5.63436484337
7.69081807137
7.55513691902
5.77239489555
8.06373310089
7.50695800781
7.46948003769
7.83397388458
6.74085187912
7.58191299438
7.90363812447
7.57171607018
7.82501888275
7.68468499184
7.7049241066
7.36899590492
5.62934303284
7.58002305031
7.42671608925
7.6733880043
7.54318380356
7.59291815758
7.7425160408
7.45885586739
5.67897295952
7.46221613884
5.7384531498
7.62892699242
7.67271900177
5.7840089798
5.63153004646
7.3954269886
7.71797204018
6.7144138813
7.40123200417
7.80131578445
7.6998770237
7.71694779396
7.66447997093
7.26806402206
7.49118304253
7.74625706673
5.70455408096
7.55176305771
7.41473197937
7.72474098206
7.42159986496
7.7604060173
7.54340291023
7.4864859581
7.67873477936
7.64133906364
7.73822402954
7.7570400238
7.75409698486
7.78123784065
7.43854618073
7.33645892143
7.78559398651
7.53598403931
7.52239608765
7.77065491676
7.82609510422
7.65130901337
6.86591482162
7.58456993103
7.6631000042
7.50745201111
7.94833803177
7.65746188164
7.81698203087
7.65462994576
5.75897502899
5.77534198761
8.13514399529
7.58238887787
7.71418380737
7.5015001297
6.70887207985
7.37427616119
7.49359703064
7.63857507706
7.84723091125
7.48717498779
7.65577101707
7.52532505989
7.44678401947
7.74452900887
7.67919588089
7.23985481262
7.58887195587
7.45899009705
5.83808994293
7.64812898636
5.64433002472
7.73407077789
7.59875106812
7.70495486259
7.45416402817
7.49631905556
7.51657986641
7.69412302971
6.7592959404
7.53966593742
7.54922318459
5.60250997543
7.54502987862
7.74322199821
7.5043361187
7.4379658699
7.79874610901
7.29328513145
7.42750906944
5.70089817047
7.62723112106
7.79771399498
7.79588699341
7.58940887451
7.67053604126
7.67584705353
7.8747549057
7.47091817856
7.75135087967
7.78719592094
7.81837487221
7.52002096176
7.67261600494
7.58274793625
8.09524488449
6.65173196793
7.57519817352
7.65051794052
7.68450188637
7.42601394653
7.94380497932
7.4684920311
7.66462302208
7.60762906075
7.58944296837
7.5869269371
7.53253507614
7.56903791428
7.70066905022
7.62910294533
7.77926397324
7.45118808746
7.44956088066
7.72336697578
8.11382102966
7.62812995911
7.71789002419
5.63103413582
7.62528204918
7.52055716515
7.7714869976
7.69518399239
7.58314299583
7.85971689224
7.75644302368
7.57106304169
7.78886508942
9.64230513573
7.63939595222
7.69019508362
7.63015007973
7.54990696907
7.67467784882
9.31296396255
8.30164504051
6.25686216354
6.35049796104
6.85980892181
7.93831896782
9.72019386292
6.25628781319
9.60412096977
9.84725093842
7.25891399384
8.07885313034
7.22899007797
7.82195591927
8.26137018204
8.90858983994
7.33511590958
9.31622004509
7.52712702751
8.9480547905
7.81823706627
9.05814123154
9.8770339489
9.77537488937
6.02859115601
6.8264799118
6.24401092529
6.54116988182
8.85666584969
8.12853312492
7.42688202858
8.0570371151
7.82776904106
8.06247997284
7.78200292587
7.45649194717
7.38881778717
5.63061118126
7.64949202538
7.61054110527
7.44655108452
7.58618879318
7.67623186111
7.42639803886
7.54843997955
7.38288402557
7.62983179092
7.69105315208
5.74206805229
7.66903805733
5.67360401154
7.44001102448
7.52716302872
7.38365912437
7.75861001015
6.85757303238
7.50605607033
7.93203401566
7.96059918404
7.60333585739
7.68444013596
7.44092798233
7.7038898468
7.41495418549
7.5537879467
7.73073196411
7.50758004189
7.64465713501
7.59235692024
7.70046710968
7.4105257988
7.69587898254
7.51774597168
7.37269687653
7.61386489868
7.53518199921
7.7247030735
7.67123222351
7.57804393768
7.5048429966
7.50374794006
7.27672600746
7.54380393028
7.66943097115
7.43823003769
7.50716495514
7.69128680229
7.95078396797
7.29992794991
7.58891391754
7.55866885185
7.43383097649
7.59620499611
7.66791605949
7.22692108154
7.43029785156
7.43377399445
7.39792394638
7.70714378357
7.4381980896
7.47715210915
7.73762893677
7.37938499451
7.48905897141
7.56685185432
7.63625097275
7.52893900871
7.69598913193
7.40828895569
7.48418283463
7.42947816849
7.41798496246
7.63722991943
7.55353498459
5.70910906792
7.45800805092
7.67595720291
7.7256269455
7.72096991539
7.48351883888
7.71712398529
7.45271992683
7.58370709419
7.3653922081
7.48144006729
7.63523983955
7.47747993469
7.69347596169
7.47828006744
7.71390795708
7.50192403793
7.68252801895
7.49618506432
7.68731689453
7.75894880295
7.7085518837
7.57869315147
7.71358585358
7.33995699883
7.54966592789
7.47749495506
7.72917604446
7.54306483269
7.49026799202
7.43157601357
7.66885495186
7.41762590408
7.57646799088
7.73204278946
7.71796703339
7.52605104446
7.44291186333
7.65959191322
6.82041883469
7.61347603798
7.31700992584
7.62903594971
7.5791888237
7.6608839035
7.34015393257
7.71491193771
5.64157104492
7.72297596931
5.57507991791
7.44206309319
7.9586660862
7.60018205643
7.62655901909
7.69908094406
7.40188217163
7.67229199409
7.31629300117
7.62199091911
7.62967586517
7.63853287697
7.68344092369
7.74363994598
7.37606596947
7.54977893829
7.44807004929
7.50196790695
7.43280220032
7.77131199837
7.48306679726
5.95830202103
7.41954994202
7.64455103874
7.22384381294
7.6242389679
7.49422621727
7.52226281166
7.50885486603
7.66406607628
7.54158306122
7.40791511536
7.67534518242
7.29251599312
7.45587491989
7.46900582314
7.7010538578
7.67836904526
7.63934397697
7.83036398888
7.71602010727
6.66529202461
7.42325592041
7.53654503822
7.5000910759
7.43237805367
5.8296148777
5.84908390045
7.51142191887
7.50368905067
7.38808298111
5.87013697624
7.78148317337
7.6968319416
7.48531913757
7.60339713097
7.6663839817
7.48351311684
7.61378693581
7.7435760498
7.53088903427
7.41327095032
5.63981795311
7.51517391205
7.45024204254
7.38214302063
7.38839912415
6.88939404488
7.5528819561
7.27745294571
7.288585186
7.57790803909
5.72712016106
7.66193795204
7.413449049
7.47961997986
7.64698219299
7.49875617027
5.6772351265
7.68588995934
7.65486812592
7.48231387138
7.67423892021
7.53985691071
7.22954392433
7.61816716194
7.56274390221
7.51835012436
8.62205910683
7.49044013023
7.58895587921
7.5586309433
7.26265287399
5.80124211311
5.82637786865
7.53634810448
5.63220596313
7.56332492828
7.65668010712
7.44027113914
7.65682816505
7.51853895187
5.63434481621
7.36802411079
6.76579999924
7.57446789742
7.55595898628
6.22921395302
7.68653893471
7.70345687866
7.44012308121
7.56066703796
5.42548704147
7.44025087357
7.64510083199
7.33713889122
7.64901781082
7.61304187775
7.6560690403
7.39018797874
7.22523999214
7.41640806198
7.72983908653
7.42694807053
7.58706784248
5.73061513901
7.41354608536
7.73421597481
7.69789600372
7.49900197983
7.52675485611
7.67416596413
5.73016309738
8.00224709511
7.6266720295
7.401927948
7.54016399384
7.55124998093
7.4629471302
7.52317500114
7.59518480301
7.67395401001
5.63370704651
7.39223599434
6.77073287964
7.55156302452
7.43383693695
7.5027179718
7.60754394531
7.56799006462
7.76512885094
7.52436709404
7.63591098785
7.63845205307
7.41794085503
7.64310216904
7.43042802811
5.69038414955
7.63250803947
7.35270881653
7.68217396736
7.49111104012
9.01143288612
7.46256613731
7.44141197205
7.45161390305
6.72720003128
7.44213294983
7.94532990456
7.88448405266
7.57132291794
7.40068602562
7.57814288139
7.37070798874
7.68078899384
5.85530686378
7.50149488449
7.46581292152
7.66539812088
7.53945398331
7.45940899849
7.61809587479
7.48278093338
7.60310792923
7.67098593712
7.46196985245
7.6755168438
7.47843813896
7.57489395142
6.46955108643
7.4338581562
7.88689088821
7.71561789513
7.49998688698
7.54208683968
7.60173892975
7.39871191978
7.64565300941
7.45766091347
7.63758206367
7.46874690056
7.65649199486
7.49999594688
7.58549499512
7.63655614853
7.60167002678
7.51757717133
7.56723093987
7.60017299652
7.43367505074
7.25916719437
7.56382393837
7.40094089508
7.58777189255
7.55417990685
7.4875369072
7.46415805817
7.47572302818
7.35240292549
7.65699100494
7.60730695724
6.66270494461
7.65339994431
7.70170092583
7.46742296219
7.23586893082
7.41526007652
7.50861406326
7.60691785812
7.65577101707
7.43262410164
7.39156198502
7.39411902428
7.44675898552
7.41649580002
7.42053198814
7.56967806816
7.41558790207
7.6994869709
6.55177903175
7.65948104858
5.70512604713
7.56566095352
7.67039203644
7.6468770504
7.53913092613
7.56790709496
7.89918589592
7.6420249939
7.60047793388
7.46783900261
7.54843211174
7.54896211624
7.48693013191
6.90633296967
7.46411299706
7.81959605217
7.8471300602
7.48598194122
7.63824796677
7.51356196404
7.30317521095
7.73212409019
7.68247294426
7.56990814209
7.53310203552
7.6972720623
7.41443490982
7.3493578434
7.34031391144
7.53272199631
7.39362692833
7.55657196045
7.57602000237
7.67681193352
7.52946400642
7.62450003624
7.57134795189
7.60298514366
7.6273150444
7.54333806038
7.50005316734
7.39740800858
8.02258896828
7.51518917084
7.7291738987
7.44788694382
7.56884288788
7.67451000214
7.74155902863
7.89417791367
6.53075504303
7.49941921234
7.5507440567
8.0205950737
7.75665998459
7.56259918213
8.90212202072
7.63884305954
5.64687490463
7.46604704857
7.6690928936
7.40619492531
7.56060385704
7.25491213799
7.61582612991
7.61561799049
7.40812301636
5.68389296532
7.49766302109
7.17918801308
6.91617178917
7.5511238575
7.64430594444
7.92341995239
5.94556093216
9.18902516365
5.86530900002
7.71077513695
7.56372308731
7.54700493813
7.38535809517
7.38873291016
9.28380012512
7.82285189629
7.56501793861
7.54131197929
7.50208902359
7.32315397263
7.43313980103
7.5113799572
7.54469799995
7.48198795319
7.42377710342
7.17048382759
7.24228382111
7.32073903084
7.2495470047
7.63477015495
7.5160241127
7.44600296021
7.6387591362
7.85327100754
7.33255290985
5.73379802704
7.88545084
7.31353998184
6.216547966
5.68192815781
7.58635902405
7.56117105484
7.77235507965
7.66062092781
7.50715613365
7.37969088554
7.56410884857
7.501060009
7.53892993927
7.58726906776
5.64484500885
7.52645397186
6.81693696976
7.54834413528
5.72343587875
7.43066310883
7.77491116524
7.51122617722
7.46081495285
7.45133495331
7.92701792717
5.83926296234
7.43641614914
7.6106979847
7.68357801437
7.44189810753
7.47606611252
7.5268239975
7.42945504189
7.47720718384
7.62233901024
7.67830300331
7.67261099815
6.95488500595
7.39962291718
7.33056592941
7.57435798645
7.49562692642
7.38694000244
7.54869103432
7.46192288399
7.81728506088
7.40332698822
7.8052380085
7.65619087219
9.35615205765
6.58969378471
7.62351489067
7.83657813072
7.75879502296
7.67350912094
7.12570214272
6.29702997208
7.43770098686
7.48244094849
7.46291208267
7.58369898796
7.58226394653
7.49704694748
7.94794416428
5.69203591347
7.65394186974
7.72698116302
6.71363902092
5.63607597351
7.35273194313
7.70395803452
7.41671895981
7.41862010956
7.65669703484
7.65223288536
7.53489089012
7.62952613831
7.85247302055
5.72953605652
7.56334114075
7.34367203712
7.31293702126
7.35380887985
7.51485705376
7.38884305954
7.62008285522
6.93481707573
7.37240600586
7.62688803673
7.62005496025
7.44627213478
7.62658691406
7.45644783974
6.94514703751
6.49384212494
7.59158396721
5.70766305923
7.41336011887
7.64991116524
7.64235711098
7.46589207649
7.55987000465
7.42779517174
7.61760401726
7.01135110855
7.46286916733
7.59687304497
7.36739110947
7.41042304039
7.66667699814
7.4738380909
7.59242510796
7.56951880455
6.99413204193
7.41985011101
7.41405916214
7.41725611687
7.88057899475
6.62514710426
7.64564800262
7.64175105095
7.80890798569
5.71039795876
5.68418121338
7.67388987541
7.48547196388
5.84073495865
8.87551903725
6.89144802094
7.34736394882
5.80030012131
7.68470191956
7.38664793968
7.50631690025
5.66931200027
7.52988791466
7.38193488121
7.52324700356
7.14818501472
6.58963489532
7.34517502785
7.39681911469
7.62893199921
7.25198698044
7.33360385895
7.62514305115
7.31272411346
7.59061121941
7.63568592072
5.81833291054
7.67464089394
7.53361010551
7.43488907814
7.55516409874
7.42079401016
7.48230314255
7.43260002136
7.56148099899
6.56633400917
7.80579590797
7.41162085533
7.79416799545
8.31998705864
8.5728700161
7.62970995903
7.50613379478
7.43582105637
7.57075595856
7.64098000526
6.69038319588
7.42391586304
7.59035491943
7.48126101494
7.46418905258
7.2856528759
7.76732802391
7.20941185951
7.66071414948
7.46312904358
7.46635603905
7.41311621666
7.54849410057
7.5297870636
7.29867005348
7.61878395081
7.46222686768
7.56173992157
7.51138806343
7.63941383362
