10
12.4798090458
12.4438998699
12.5130040646
12.5401520729
12.5706710815
12.5124320984
12.4007291794
16.5996952057
14.3487141132
13.707157135
18.465929985
18.0113730431
15.2160511017
11.9645438194
14.8388309479
18.0726680756
17.8891019821
15.0842039585
18.6465270519
17.1651308537
11.415694952
18.5226380825
16.5297451019
15.4775669575
17.3211829662
16.8625130653
16.8465979099
16.0497839451
16.8731100559
16.4274799824
15.1373269558
15.3514699936
15.0062949657
15.5822820663
17.1830890179
14.8315889835
16.8074011803
14.8591589928
12.885114193
14.2504820824
15.3172709942
15.4564089775
14.8636460304
15.6435329914
9.01740002632
15.1545639038
15.3916912079
15.8851530552
12.3971869946
17.1952829361
12.882917881
15.9872171879
14.7032048702
12.5833339691
12.384773016
14.449409008
13.3723230362
12.9855489731
14.674929142
12.4872069359
12.0121381283
13.3827488422
12.6212799549
12.7084360123
12.2229340076
12.3040850163
12.2530651093
12.7971680164
11.5567419529
12.9208688736
12.0168027878
10.4510378838
13.4392650127
13.0226080418
7.25634002686
13.4438378811
12.9250879288
12.9672589302
12.3461489677
10.1858961582
9.64765906334
8.1903898716
11.9225749969
11.8395130634
10.5994668007
12.1745481491
10.1076529026
11.0945169926
11.2606549263
12.1971349716
11.750880003
7.19165301323
10.7189929485
9.81167697906
11.0628640652
7.61690211296
10.7745511532
10.4599411488
10.1784040928
11.4535300732
7.01961803436
9.63850998878
10.173527956
6.70018100739
10.8099141121
11.2670571804
10.9271218777
11.4538829327
10.431178093
10.2700710297
10.5146620274
10.1239888668
9.22010302544
8.79445099831
9.59729886055
10.0946669579
10.3967001438
10.6858420372
11.2554178238
10.899682045
11.1717450619
10.6853899956
9.74149107933
9.4139919281
9.24971389771
9.52881503105
7.83234405518
8.65664982796
9.95581698418
10.5326080322
9.5754840374
10.8870379925
7.28893995285
9.78814315796
10.5437591076
9.73368787766
9.4724419117
8.29959011078
10.4979479313
9.46950697899
11.0082218647
9.54870200157
9.60496306419
9.75864386559
10.1463980675
8.43662810326
7.78240704536
9.54408788681
9.05965304375
10.0483598709
8.86908197403
9.73241305351
8.70805001259
9.81158709526
8.07438421249
8.5258140564
8.38880085945
7.54361319542
9.03646111488
9.03965997696
9.62585496902
9.78099799156
8.91496396065
8.84252405167
10.4028639793
8.25389289856
8.74182796478
9.30324697495
9.38551497459
9.25518894196
7.28688597679
8.6927549839
6.80417895317
9.44903111458
6.93745017052
9.47501397133
9.65074801445
9.61402010918
8.62000799179
9.02969503403
9.32012915611
9.10965490341
10.100605011
9.33057403564
9.73298001289
10.3031029701
9.10685110092
9.42051386833
8.64969801903
9.55636000633
9.18886804581
8.45485496521
9.61335587502
9.48764395714
9.75511312485
9.32749295235
8.42813396454
10.3822119236
9.09852004051
7.41672992706
6.76015305519
8.87750220299
10.1563770771
9.2883040905
8.37498688698
9.20682907104
8.95458507538
9.18803811073
7.61659097672
9.30424904823
9.64083886147
8.24051380157
7.84453392029
8.49282717705
8.00281596184
7.30890893936
8.44935393333
7.18823409081
9.15816903114
9.28104400635
7.29967212677
6.70843195915
9.57230210304
8.60119986534
8.65334796906
8.37399196625
7.60203003883
8.08631300926
8.37278604507
8.85884904861
8.30847096443
9.05446410179
8.50567698479
6.74562597275
8.61334896088
8.75327110291
9.12353610992
8.08225917816
8.71904087067
8.32575011253
9.24533104897
8.12697696686
7.34879899025
9.04582095146
8.30469107628
8.59084391594
8.37908506393
8.91089010239
9.12218594551
8.90952897072
8.5869371891
8.72601890564
9.29590892792
8.81467890739
8.41021990776
10.9784989357
9.18875598907
9.05943107605
9.3510799408
9.36279702187
6.55257582664
9.11012601852
8.37886810303
9.08679103851
8.60670804977
8.90030193329
8.97250986099
8.67618584633
8.24968314171
6.75604391098
8.27578306198
8.77775287628
9.08493900299
8.90631389618
8.90928292274
8.65228199959
9.0886259079
8.87915897369
8.56244802475
8.35435295105
6.69880485535
8.51015996933
9.18166303635
9.17813801765
7.89013910294
9.05116605759
8.66549611092
8.89177298546
8.99458813667
8.86690211296
8.36068296432
6.64515304565
8.76990580559
8.43838715553
7.74048399925
8.54603290558
8.06909298897
8.88681507111
8.22283101082
8.35076999664
8.92511892319
8.75305318832
8.65189695358
8.56207704544
8.66000008583
8.70734095573
8.13038611412
8.55726909637
8.46727395058
8.94132900238
8.54777312279
6.60091614723
8.96724891663
9.02934408188
8.9101960659
8.31329107285
8.856580019
8.58667111397
8.43813085556
8.34468698502
8.3273100853
8.57476902008
8.47743916512
9.67027878761
8.65173387527
8.94891810417
8.3015768528
8.68332505226
8.69296503067
8.52429413795
8.21860718727
10.3840920925
8.40779304504
8.79269790649
8.79391908646
8.82744216919
9.43415999413
8.90581893921
8.9886059761
8.66877603531
8.49925303459
8.55610895157
8.91546487808
8.01304888725
9.22995996475
8.58818602562
8.56156086922
8.94343400002
8.6702709198
8.96500110626
8.23220801353
7.14873695374
8.57762098312
8.60077500343
8.22858309746
8.70748806
8.8806438446
8.57041096687
8.46180891991
9.17717313766
8.65843701363
8.86399388313
8.95875096321
8.83261609077
8.60831809044
9.42382407188
9.03101801872
9.77993392944
8.89491081238
7.59586119652
8.85679793358
8.43109512329
8.65782690048
7.53712201118
8.73047709465
8.66787099838
8.51492786407
8.51627397537
8.64731407166
6.79070401192
8.37038683891
8.51138186455
8.59062004089
8.59737896919
8.78212714195
6.66701197624
8.80282592773
8.17111206055
8.79188513756
7.59320402145
8.79701304436
8.46931195259
8.63187599182
8.48971700668
8.35618591309
8.82598614693
8.48636007309
8.46668982506
8.4477148056
8.53497505188
8.74879598618
8.32983613014
8.79305195808
7.26937103271
8.48883605003
8.2046880722
8.78114485741
8.75685691833
6.96474981308
8.83727788925
8.34021019936
8.1290397644
8.36585402489
8.28826498985
8.7428548336
8.47353887558
8.22794294357
8.5985918045
8.26980400085
8.32338619232
8.84388804436
8.78791689873
8.47558498383
8.18255805969
8.4232749939
8.4640519619
8.34293699265
8.48847007751
8.43371105194
8.71077084541
8.65477609634
8.68653798103
6.77354097366
8.4809179306
9.07039308548
8.72735095024
8.30418610573
9.17326903343
8.31064605713
8.18322110176
8.49316716194
8.57366085052
8.31281614304
8.31909108162
7.60052800179
8.63604092598
8.80337095261
8.4988348484
8.38614988327
8.36052489281
8.596170187
6.55563116074
9.0491039753
8.76037597656
8.49845004082
8.41609597206
8.9719119072
8.54387807846
8.72317004204
8.31933403015
8.40878009796
8.36006593704
7.97396683693
6.66824698448
8.38610196114
8.72939014435
8.7612760067
7.55064487457
8.70894408226
8.13013982773
8.64539384842
8.67130899429
9.35195708275
8.4158809185
8.36080098152
8.59982013702
8.57905721664
8.30475306511
8.30306315422
9.41283893585
9.16760110855
8.5523519516
8.35013794899
7.36966300011
8.14119696617
8.38254404068
8.28256797791
8.63297796249
8.119617939
8.23799014091
8.4036450386
8.49725914001
8.93559384346
8.370251894
8.29170107841
6.68108487129
8.11635613441
8.41951107979
8.59518504143
8.5397310257
8.38273906708
7.06042408943
8.36187791824
8.02102708817
8.27753591537
8.35266089439
8.3151140213
8.849807024
8.24971604347
8.3749859333
8.21298503876
8.49961900711
6.56980705261
8.13435196877
8.58156299591
6.81899690628
7.46687579155
9.30921220779
8.49798202515
7.51464605331
8.34327292442
8.38520407677
8.09907484055
8.13195991516
8.32492494583
8.3378059864
8.23199892044
6.55194997787
8.23143601418
8.63095498085
8.57300186157
8.24843597412
8.40210819244
8.20257091522
6.5752491951
7.18870806694
8.42672109604
9.82542586327
8.66725707054
8.52020716667
8.40154409409
8.31321692467
7.42297410965
8.35532999039
7.47558093071
7.61081695557
8.24501013756
6.75714898109
6.53268003464
6.53248000145
8.27090501785
8.67834305763
8.23334288597
8.29073905945
8.30207896233
10.0976929665
8.43397116661
8.30228114128
9.58798408508
8.43204712868
8.63377308846
6.44306612015
6.73306012154
8.65571904182
8.4271171093
9.36734390259
9.24649810791
8.37937188148
8.36219501495
8.17104005814
6.98409104347
8.6606631279
6.71455097198
8.47378516197
9.46597313881
8.58323502541
8.27324700356
7.55239105225
7.3614089489
10.0973730087
8.57779097557
10.1456611156
8.1343691349
7.57578992844
8.27953195572
8.25928521156
6.76991510391
8.34774398804
7.58944201469
6.90234994888
8.54642605782
8.34474802017
8.42421197891
7.84454607964
8.50679206848
6.40586996078
8.66753602028
8.46648001671
8.1319038868
8.17488598824
8.12908697128
8.16305685043
6.53634190559
7.29252815247
8.36876106262
8.53599596024
6.48356819153
8.39135599136
8.62719297409
7.38524198532
8.50743818283
8.59345006943
7.5432331562
8.81548404694
8.42753005028
7.88011002541
7.80807900429
7.43173503876
8.70739293098
8.73193407059
8.4587430954
8.32712101936
8.21493697166
8.70278096199
6.44052100182
9.31801104546
8.42808413506
9.27207612991
6.84236598015
8.49692106247
7.42099285126
6.74637508392
8.47748279572
8.29949498177
8.72576498985
8.47026896477
8.33764314651
8.98994207382
6.41196894646
8.48470497131
