197.838172
418.968307
210.836988
136.668583
106.243426
84.949461
70.488514
60.703098
54.569879
49.212915
43.237094
40.302126
37.347140
34.026511
31.518975
30.068556
27.461236
27.533083
31.516401
27.509690
25.535593
24.153484
25.047370
34.044580
30.839693
21.596994
20.904213
22.029503
24.193618
20.208076
19.568022
19.056404
20.989807
18.764457
21.749690
19.019264
20.127437
20.805495
23.852613
21.357375
19.128132
18.738587
18.957871
19.915850
37.565173
33.878829
29.042499
31.529288
27.667073
29.929976
31.460738
30.969760
27.229438
34.145442
33.537536
32.262756
29.712182
27.703264
30.661534
26.207321
28.184570
27.327390
30.943632
31.135239
31.081139
